::1 - - [09/Feb/2022:09:10:15 +0000] "GET / HTTP/1.1" 200 55 "-" "Mozilla/5.0 (Windows NT 10.0; Win64; x64) AppleWebKit/537.36 (KHTML, like Gecko) Chrome/97.0.4692.99 Safari/537.36"
::1 - - [09/Feb/2022:09:18:14 +0000] "GET / HTTP/1.1" 500 56 "-" "Mozilla/5.0 (Windows NT 10.0; Win64; x64) AppleWebKit/537.36 (KHTML, like Gecko) Chrome/97.0.4692.99 Safari/537.36"
::1 - - [09/Feb/2022:09:18:18 +0000] "GET / HTTP/1.1" 500 56 "-" "Mozilla/5.0 (Windows NT 10.0; Win64; x64) AppleWebKit/537.36 (KHTML, like Gecko) Chrome/97.0.4692.99 Safari/537.36"
::1 - - [09/Feb/2022:09:18:19 +0000] "GET / HTTP/1.1" 500 56 "-" "Mozilla/5.0 (Windows NT 10.0; Win64; x64) AppleWebKit/537.36 (KHTML, like Gecko) Chrome/97.0.4692.99 Safari/537.36"
::1 - - [09/Feb/2022:09:18:19 +0000] "GET / HTTP/1.1" 500 56 "-" "Mozilla/5.0 (Windows NT 10.0; Win64; x64) AppleWebKit/537.36 (KHTML, like Gecko) Chrome/97.0.4692.99 Safari/537.36"
::1 - - [09/Feb/2022:09:18:19 +0000] "GET / HTTP/1.1" 500 56 "-" "Mozilla/5.0 (Windows NT 10.0; Win64; x64) AppleWebKit/537.36 (KHTML, like Gecko) Chrome/97.0.4692.99 Safari/537.36"
::1 - - [09/Feb/2022:09:18:19 +0000] "GET / HTTP/1.1" 500 56 "-" "Mozilla/5.0 (Windows NT 10.0; Win64; x64) AppleWebKit/537.36 (KHTML, like Gecko) Chrome/97.0.4692.99 Safari/537.36"
::1 - - [09/Feb/2022:09:18:20 +0000] "GET / HTTP/1.1" 500 56 "-" "Mozilla/5.0 (Windows NT 10.0; Win64; x64) AppleWebKit/537.36 (KHTML, like Gecko) Chrome/97.0.4692.99 Safari/537.36"
::1 - - [09/Feb/2022:09:18:20 +0000] "GET / HTTP/1.1" 500 56 "-" "Mozilla/5.0 (Windows NT 10.0; Win64; x64) AppleWebKit/537.36 (KHTML, like Gecko) Chrome/97.0.4692.99 Safari/537.36"
::1 - - [09/Feb/2022:09:18:21 +0000] "GET / HTTP/1.1" 500 56 "-" "Mozilla/5.0 (Windows NT 10.0; Win64; x64) AppleWebKit/537.36 (KHTML, like Gecko) Chrome/97.0.4692.99 Safari/537.36"
::1 - - [09/Feb/2022:09:18:21 +0000] "GET / HTTP/1.1" 500 56 "-" "Mozilla/5.0 (Windows NT 10.0; Win64; x64) AppleWebKit/537.36 (KHTML, like Gecko) Chrome/97.0.4692.99 Safari/537.36"
::1 - - [09/Feb/2022:09:18:21 +0000] "GET / HTTP/1.1" 500 56 "-" "Mozilla/5.0 (Windows NT 10.0; Win64; x64) AppleWebKit/537.36 (KHTML, like Gecko) Chrome/97.0.4692.99 Safari/537.36"
::1 - - [09/Feb/2022:09:19:00 +0000] "GET / HTTP/1.1" 500 56 "-" "Mozilla/5.0 (Windows NT 10.0; Win64; x64) AppleWebKit/537.36 (KHTML, like Gecko) Chrome/97.0.4692.99 Safari/537.36"
::1 - - [09/Feb/2022:09:19:05 +0000] "GET / HTTP/1.1" 500 56 "-" "Mozilla/5.0 (Windows NT 10.0; Win64; x64) AppleWebKit/537.36 (KHTML, like Gecko) Chrome/97.0.4692.99 Safari/537.36"
::1 - - [09/Feb/2022:09:19:05 +0000] "GET / HTTP/1.1" 500 56 "-" "Mozilla/5.0 (Windows NT 10.0; Win64; x64) AppleWebKit/537.36 (KHTML, like Gecko) Chrome/97.0.4692.99 Safari/537.36"
::1 - - [09/Feb/2022:09:19:05 +0000] "GET / HTTP/1.1" 500 56 "-" "Mozilla/5.0 (Windows NT 10.0; Win64; x64) AppleWebKit/537.36 (KHTML, like Gecko) Chrome/97.0.4692.99 Safari/537.36"
::1 - - [09/Feb/2022:09:19:05 +0000] "GET / HTTP/1.1" 500 56 "-" "Mozilla/5.0 (Windows NT 10.0; Win64; x64) AppleWebKit/537.36 (KHTML, like Gecko) Chrome/97.0.4692.99 Safari/537.36"
::1 - - [09/Feb/2022:09:19:05 +0000] "GET / HTTP/1.1" 500 56 "-" "Mozilla/5.0 (Windows NT 10.0; Win64; x64) AppleWebKit/537.36 (KHTML, like Gecko) Chrome/97.0.4692.99 Safari/537.36"
::1 - - [09/Feb/2022:09:19:05 +0000] "GET / HTTP/1.1" 500 56 "-" "Mozilla/5.0 (Windows NT 10.0; Win64; x64) AppleWebKit/537.36 (KHTML, like Gecko) Chrome/97.0.4692.99 Safari/537.36"
::1 - - [09/Feb/2022:09:19:06 +0000] "GET / HTTP/1.1" 500 56 "-" "Mozilla/5.0 (Windows NT 10.0; Win64; x64) AppleWebKit/537.36 (KHTML, like Gecko) Chrome/97.0.4692.99 Safari/537.36"
::1 - - [09/Feb/2022:09:19:06 +0000] "GET / HTTP/1.1" 500 56 "-" "Mozilla/5.0 (Windows NT 10.0; Win64; x64) AppleWebKit/537.36 (KHTML, like Gecko) Chrome/97.0.4692.99 Safari/537.36"
::1 - - [09/Feb/2022:09:19:06 +0000] "GET / HTTP/1.1" 500 56 "-" "Mozilla/5.0 (Windows NT 10.0; Win64; x64) AppleWebKit/537.36 (KHTML, like Gecko) Chrome/97.0.4692.99 Safari/537.36"
::1 - - [09/Feb/2022:09:19:12 +0000] "GET /asd HTTP/1.1" 500 59 "-" "Mozilla/5.0 (Windows NT 10.0; Win64; x64) AppleWebKit/537.36 (KHTML, like Gecko) Chrome/97.0.4692.99 Safari/537.36"
::1 - - [09/Feb/2022:09:38:34 +0000] "GET /asd HTTP/1.1" 404 48 "-" "Mozilla/5.0 (Windows NT 10.0; Win64; x64) AppleWebKit/537.36 (KHTML, like Gecko) Chrome/97.0.4692.99 Safari/537.36"
::1 - - [09/Feb/2022:10:09:49 +0000] "GET /getlist HTTP/1.1" 200 2 "-" "PostmanRuntime/7.28.4"
::1 - - [09/Feb/2022:10:11:31 +0000] "GET /getlist HTTP/1.1" 200 206 "-" "PostmanRuntime/7.28.4"
::1 - - [09/Feb/2022:10:12:27 +0000] "GET /getlist HTTP/1.1" 200 2 "-" "PostmanRuntime/7.28.4"
::1 - - [09/Feb/2022:10:12:46 +0000] "GET /getlist HTTP/1.1" 200 2 "-" "PostmanRuntime/7.28.4"
::1 - - [09/Feb/2022:10:12:46 +0000] "GET /getlist HTTP/1.1" 200 2 "-" "PostmanRuntime/7.28.4"
::1 - - [09/Feb/2022:10:12:47 +0000] "GET /getlist HTTP/1.1" 200 2 "-" "PostmanRuntime/7.28.4"
::1 - - [09/Feb/2022:10:15:04 +0000] "GET /getlist HTTP/1.1" 200 2 "-" "PostmanRuntime/7.28.4"
::1 - - [09/Feb/2022:10:15:05 +0000] "GET /getlist HTTP/1.1" 200 2 "-" "PostmanRuntime/7.28.4"
::1 - - [09/Feb/2022:10:16:46 +0000] "GET /getlist HTTP/1.1" 200 206 "-" "PostmanRuntime/7.28.4"
::1 - - [09/Feb/2022:10:17:09 +0000] "GET /getlist HTTP/1.1" 200 2 "-" "PostmanRuntime/7.28.4"
::1 - - [09/Feb/2022:10:18:03 +0000] "GET /getlist HTTP/1.1" 200 206 "-" "PostmanRuntime/7.28.4"
::1 - - [09/Feb/2022:10:19:00 +0000] "GET /getlist HTTP/1.1" 200 2 "-" "PostmanRuntime/7.28.4"
::1 - - [09/Feb/2022:10:19:37 +0000] "GET /getlist HTTP/1.1" 200 2 "-" "PostmanRuntime/7.28.4"
::1 - - [09/Feb/2022:10:19:38 +0000] "GET /getlist HTTP/1.1" 200 2 "-" "PostmanRuntime/7.28.4"
::1 - - [09/Feb/2022:10:19:39 +0000] "GET /getlist HTTP/1.1" 200 2 "-" "PostmanRuntime/7.28.4"
::1 - - [09/Feb/2022:10:19:39 +0000] "GET /getlist HTTP/1.1" 200 2 "-" "PostmanRuntime/7.28.4"
::1 - - [09/Feb/2022:10:19:40 +0000] "GET /getlist HTTP/1.1" 200 2 "-" "PostmanRuntime/7.28.4"
::1 - - [09/Feb/2022:10:20:49 +0000] "GET /getlist HTTP/1.1" 200 2 "-" "PostmanRuntime/7.28.4"
::1 - - [09/Feb/2022:10:20:50 +0000] "GET /getlist HTTP/1.1" 200 2 "-" "PostmanRuntime/7.28.4"
::1 - - [09/Feb/2022:10:20:50 +0000] "GET /getlist HTTP/1.1" 200 2 "-" "PostmanRuntime/7.28.4"
::1 - - [09/Feb/2022:10:20:51 +0000] "GET /getlist HTTP/1.1" 200 2 "-" "PostmanRuntime/7.28.4"
::1 - - [09/Feb/2022:10:20:51 +0000] "GET /getlist HTTP/1.1" 200 2 "-" "PostmanRuntime/7.28.4"
::1 - - [09/Feb/2022:10:21:10 +0000] "GET /getlist HTTP/1.1" 200 2 "-" "Mozilla/5.0 (Windows NT 10.0; Win64; x64) AppleWebKit/537.36 (KHTML, like Gecko) Chrome/97.0.4692.99 Safari/537.36"
::1 - - [09/Feb/2022:10:21:28 +0000] "GET /getlist HTTP/1.1" 200 206 "-" "Mozilla/5.0 (Windows NT 10.0; Win64; x64) AppleWebKit/537.36 (KHTML, like Gecko) Chrome/97.0.4692.99 Safari/537.36"
::1 - - [09/Feb/2022:10:24:10 +0000] "GET /getlist HTTP/1.1" 200 206 "-" "Mozilla/5.0 (Windows NT 10.0; Win64; x64) AppleWebKit/537.36 (KHTML, like Gecko) Chrome/97.0.4692.99 Safari/537.36"
::1 - - [09/Feb/2022:10:24:11 +0000] "GET /getlist HTTP/1.1" 200 206 "-" "Mozilla/5.0 (Windows NT 10.0; Win64; x64) AppleWebKit/537.36 (KHTML, like Gecko) Chrome/97.0.4692.99 Safari/537.36"
::1 - - [09/Feb/2022:10:24:11 +0000] "GET /getlist HTTP/1.1" 200 206 "-" "Mozilla/5.0 (Windows NT 10.0; Win64; x64) AppleWebKit/537.36 (KHTML, like Gecko) Chrome/97.0.4692.99 Safari/537.36"
::1 - - [09/Feb/2022:10:24:17 +0000] "GET /getlist HTTP/1.1" 200 206 "-" "Mozilla/5.0 (Windows NT 10.0; Win64; x64) AppleWebKit/537.36 (KHTML, like Gecko) Chrome/97.0.4692.99 Safari/537.36"
::1 - - [09/Feb/2022:10:25:10 +0000] "GET /getlist HTTP/1.1" 200 206 "-" "Mozilla/5.0 (Windows NT 10.0; Win64; x64) AppleWebKit/537.36 (KHTML, like Gecko) Chrome/97.0.4692.99 Safari/537.36"
::1 - - [09/Feb/2022:10:25:55 +0000] "GET /getlist HTTP/1.1" 200 206 "-" "PostmanRuntime/7.28.4"
::1 - - [09/Feb/2022:10:28:14 +0000] "GET /getlist HTTP/1.1" 200 206 "-" "PostmanRuntime/7.28.4"
::1 - - [09/Feb/2022:10:30:10 +0000] "GET /getlist HTTP/1.1" 200 2 "-" "PostmanRuntime/7.28.4"
::1 - - [09/Feb/2022:10:30:12 +0000] "GET /getlist HTTP/1.1" 200 2 "-" "PostmanRuntime/7.28.4"
::1 - - [09/Feb/2022:10:30:24 +0000] "GET /getlist HTTP/1.1" 200 206 "-" "PostmanRuntime/7.28.4"
::1 - - [09/Feb/2022:10:32:08 +0000] "GET /getlist HTTP/1.1" 200 2 "-" "PostmanRuntime/7.28.4"
::1 - - [09/Feb/2022:10:32:09 +0000] "GET /getlist HTTP/1.1" 200 2 "-" "PostmanRuntime/7.28.4"
::1 - - [09/Feb/2022:10:32:10 +0000] "GET /getlist HTTP/1.1" 200 2 "-" "PostmanRuntime/7.28.4"
::1 - - [09/Feb/2022:10:32:11 +0000] "GET /getlist HTTP/1.1" 200 2 "-" "PostmanRuntime/7.28.4"
::1 - - [09/Feb/2022:10:32:12 +0000] "GET /getlist HTTP/1.1" 200 2 "-" "PostmanRuntime/7.28.4"
::1 - - [09/Feb/2022:10:33:42 +0000] "GET /getlist HTTP/1.1" 200 2 "-" "PostmanRuntime/7.28.4"
::1 - - [09/Feb/2022:10:33:43 +0000] "GET /getlist HTTP/1.1" 200 2 "-" "PostmanRuntime/7.28.4"
::1 - - [09/Feb/2022:10:35:07 +0000] "GET /getlist HTTP/1.1" 200 2 "-" "PostmanRuntime/7.28.4"
::1 - - [09/Feb/2022:10:35:09 +0000] "GET /getlist HTTP/1.1" 200 2 "-" "PostmanRuntime/7.28.4"
::1 - - [09/Feb/2022:10:35:10 +0000] "GET /getlist HTTP/1.1" 200 2 "-" "PostmanRuntime/7.28.4"
::1 - - [09/Feb/2022:10:35:40 +0000] "GET /getlist HTTP/1.1" 200 39 "-" "PostmanRuntime/7.28.4"
::1 - - [09/Feb/2022:11:20:46 +0000] "GET /getlist HTTP/1.1" 200 63 "-" "PostmanRuntime/7.29.0"
::1 - - [09/Feb/2022:11:21:08 +0000] "GET /getlist HTTP/1.1" 200 371 "-" "PostmanRuntime/7.29.0"
::1 - - [09/Feb/2022:11:21:52 +0000] "GET /favicon.ico HTTP/1.1" 404 56 "http://localhost:8000/getlist" "Mozilla/5.0 (Windows NT 10.0; Win64; x64) AppleWebKit/537.36 (KHTML, like Gecko) Chrome/97.0.4692.99 Safari/537.36"
::1 - - [09/Feb/2022:11:25:10 +0000] "GET /getlist HTTP/1.1" 200 1661 "-" "PostmanRuntime/7.29.0"
::1 - - [09/Feb/2022:11:26:13 +0000] "GET /getlist HTTP/1.1" 200 1661 "-" "PostmanRuntime/7.29.0"
::1 - - [09/Feb/2022:11:26:15 +0000] "GET /getlist HTTP/1.1" 200 1661 "-" "PostmanRuntime/7.29.0"
::1 - - [09/Feb/2022:11:26:16 +0000] "GET /getlist HTTP/1.1" 200 1661 "-" "PostmanRuntime/7.29.0"
::1 - - [09/Feb/2022:11:26:17 +0000] "GET /getlist HTTP/1.1" 200 1661 "-" "PostmanRuntime/7.29.0"
::1 - - [09/Feb/2022:11:26:37 +0000] "GET /getlist HTTP/1.1" 200 1661 "-" "Mozilla/5.0 (Windows NT 10.0; Win64; x64) AppleWebKit/537.36 (KHTML, like Gecko) Chrome/97.0.4692.99 Safari/537.36"
::1 - - [09/Feb/2022:11:35:05 +0000] "GET /getlist HTTP/1.1" 304 - "-" "Mozilla/5.0 (Windows NT 10.0; Win64; x64) AppleWebKit/537.36 (KHTML, like Gecko) Chrome/97.0.4692.99 Safari/537.36"
::1 - - [09/Feb/2022:11:35:42 +0000] "GET /getlist HTTP/1.1" 304 - "-" "Mozilla/5.0 (Windows NT 10.0; Win64; x64) AppleWebKit/537.36 (KHTML, like Gecko) Chrome/97.0.4692.99 Safari/537.36"
::1 - - [09/Feb/2022:11:35:43 +0000] "GET /getlist HTTP/1.1" 304 - "-" "Mozilla/5.0 (Windows NT 10.0; Win64; x64) AppleWebKit/537.36 (KHTML, like Gecko) Chrome/97.0.4692.99 Safari/537.36"
::1 - - [09/Feb/2022:11:35:43 +0000] "GET /getlist HTTP/1.1" 304 - "-" "Mozilla/5.0 (Windows NT 10.0; Win64; x64) AppleWebKit/537.36 (KHTML, like Gecko) Chrome/97.0.4692.99 Safari/537.36"
::1 - - [09/Feb/2022:11:35:43 +0000] "GET /getlist HTTP/1.1" 304 - "-" "Mozilla/5.0 (Windows NT 10.0; Win64; x64) AppleWebKit/537.36 (KHTML, like Gecko) Chrome/97.0.4692.99 Safari/537.36"
::1 - - [09/Feb/2022:11:35:44 +0000] "GET /getlist HTTP/1.1" 304 - "-" "Mozilla/5.0 (Windows NT 10.0; Win64; x64) AppleWebKit/537.36 (KHTML, like Gecko) Chrome/97.0.4692.99 Safari/537.36"
::1 - - [09/Feb/2022:11:35:52 +0000] "GET /getlist HTTP/1.1" 304 - "-" "Mozilla/5.0 (Windows NT 10.0; Win64; x64) AppleWebKit/537.36 (KHTML, like Gecko) Chrome/97.0.4692.99 Safari/537.36"
::1 - - [09/Feb/2022:11:35:53 +0000] "GET /getlist HTTP/1.1" 304 - "-" "Mozilla/5.0 (Windows NT 10.0; Win64; x64) AppleWebKit/537.36 (KHTML, like Gecko) Chrome/97.0.4692.99 Safari/537.36"
::1 - - [09/Feb/2022:11:35:53 +0000] "GET /getlist HTTP/1.1" 304 - "-" "Mozilla/5.0 (Windows NT 10.0; Win64; x64) AppleWebKit/537.36 (KHTML, like Gecko) Chrome/97.0.4692.99 Safari/537.36"
::1 - - [09/Feb/2022:11:35:53 +0000] "GET /getlist HTTP/1.1" 304 - "-" "Mozilla/5.0 (Windows NT 10.0; Win64; x64) AppleWebKit/537.36 (KHTML, like Gecko) Chrome/97.0.4692.99 Safari/537.36"
::1 - - [09/Feb/2022:11:35:53 +0000] "GET /getlist HTTP/1.1" 304 - "-" "Mozilla/5.0 (Windows NT 10.0; Win64; x64) AppleWebKit/537.36 (KHTML, like Gecko) Chrome/97.0.4692.99 Safari/537.36"
::1 - - [09/Feb/2022:13:02:45 +0000] "POST /getlist HTTP/1.1" 404 52 "-" "PostmanRuntime/7.29.0"
::1 - - [09/Feb/2022:13:04:30 +0000] "POST /insertArticle?content HTTP/1.1" 200 - "-" "PostmanRuntime/7.29.0"
::1 - - [09/Feb/2022:13:04:50 +0000] "POST /insertArticle?content HTTP/1.1" 200 - "-" "PostmanRuntime/7.29.0"
::1 - - [09/Feb/2022:13:10:46 +0000] "POST /insertArticle?content HTTP/1.1" 200 - "-" "PostmanRuntime/7.29.0"
::1 - - [09/Feb/2022:13:11:00 +0000] "POST /insertArticle HTTP/1.1" 200 - "-" "PostmanRuntime/7.29.0"
::1 - - [09/Feb/2022:13:11:05 +0000] "POST /insertArticle HTTP/1.1" 200 - "-" "PostmanRuntime/7.29.0"
::1 - - [09/Feb/2022:13:13:42 +0000] "POST /insertArticle HTTP/1.1" 200 - "-" "PostmanRuntime/7.29.0"
::1 - - [09/Feb/2022:13:14:14 +0000] "POST /insertArticle HTTP/1.1" 200 - "-" "PostmanRuntime/7.29.0"
::1 - - [09/Feb/2022:13:14:46 +0000] "POST /insertArticle?fgh=dsdsds HTTP/1.1" 200 - "-" "PostmanRuntime/7.29.0"
::1 - - [09/Feb/2022:13:15:20 +0000] "POST /insertArticle?fgh=dsdsds HTTP/1.1" 200 - "-" "PostmanRuntime/7.29.0"
::1 - - [09/Feb/2022:13:21:20 +0000] "GET /getlist HTTP/1.1" 304 - "-" "Mozilla/5.0 (Windows NT 10.0; Win64; x64) AppleWebKit/537.36 (KHTML, like Gecko) Chrome/97.0.4692.99 Safari/537.36"
::1 - - [09/Feb/2022:13:22:06 +0000] "POST /insertArticle HTTP/1.1" 200 - "http://localhost:8000/" "Mozilla/5.0 (Windows NT 10.0; Win64; x64) AppleWebKit/537.36 (KHTML, like Gecko) Chrome/97.0.4692.99 Safari/537.36"
::1 - - [09/Feb/2022:13:23:36 +0000] "POST /insertArticle HTTP/1.1" 200 - "http://localhost:8000/" "Mozilla/5.0 (Windows NT 10.0; Win64; x64) AppleWebKit/537.36 (KHTML, like Gecko) Chrome/97.0.4692.99 Safari/537.36"
::1 - - [09/Feb/2022:13:23:57 +0000] "POST /insertArticle HTTP/1.1" 200 - "http://localhost:8000/" "Mozilla/5.0 (Windows NT 10.0; Win64; x64) AppleWebKit/537.36 (KHTML, like Gecko) Chrome/97.0.4692.99 Safari/537.36"
::1 - - [09/Feb/2022:13:26:37 +0000] "POST /insertArticle HTTP/1.1" 302 46 "http://localhost:8000/" "Mozilla/5.0 (Windows NT 10.0; Win64; x64) AppleWebKit/537.36 (KHTML, like Gecko) Chrome/97.0.4692.99 Safari/537.36"
::1 - - [09/Feb/2022:13:27:38 +0000] "POST /insertArticle?fgh=dsdsds HTTP/1.1" 302 23 "-" "PostmanRuntime/7.29.0"
::1 - - [09/Feb/2022:13:27:55 +0000] "POST /insertArticle HTTP/1.1" 302 46 "http://localhost:8000/" "Mozilla/5.0 (Windows NT 10.0; Win64; x64) AppleWebKit/537.36 (KHTML, like Gecko) Chrome/97.0.4692.99 Safari/537.36"
::1 - - [09/Feb/2022:13:28:13 +0000] "POST /insertArticle HTTP/1.1" 302 46 "http://localhost:8000/" "Mozilla/5.0 (Windows NT 10.0; Win64; x64) AppleWebKit/537.36 (KHTML, like Gecko) Chrome/97.0.4692.99 Safari/537.36"
::1 - - [09/Feb/2022:13:29:58 +0000] "POST /insertArticle HTTP/1.1" 200 21 "http://localhost:8000/" "Mozilla/5.0 (Windows NT 10.0; Win64; x64) AppleWebKit/537.36 (KHTML, like Gecko) Chrome/97.0.4692.99 Safari/537.36"
::1 - - [09/Feb/2022:13:31:24 +0000] "POST /insertArticle HTTP/1.1" 200 21 "http://localhost:8000/" "Mozilla/5.0 (Windows NT 10.0; Win64; x64) AppleWebKit/537.36 (KHTML, like Gecko) Chrome/97.0.4692.99 Safari/537.36"
::1 - - [09/Feb/2022:13:31:31 +0000] "POST /insertArticle HTTP/1.1" 200 1455 "http://localhost:8000/" "Mozilla/5.0 (Windows NT 10.0; Win64; x64) AppleWebKit/537.36 (KHTML, like Gecko) Chrome/97.0.4692.99 Safari/537.36"
::1 - - [09/Feb/2022:13:32:10 +0000] "POST /insertArticle HTTP/1.1" 200 581 "http://localhost:8000/" "Mozilla/5.0 (Windows NT 10.0; Win64; x64) AppleWebKit/537.36 (KHTML, like Gecko) Chrome/97.0.4692.99 Safari/537.36"
::1 - - [09/Feb/2022:13:55:32 +0000] "GET /node_modules/@ckeditor/ckeditor5-build-classic/build/ckeditor.js HTTP/1.1" 404 109 "http://localhost:8000/" "Mozilla/5.0 (Windows NT 10.0; Win64; x64) AppleWebKit/537.36 (KHTML, like Gecko) Chrome/97.0.4692.99 Safari/537.36"
::1 - - [09/Feb/2022:13:55:34 +0000] "GET /node_modules/@ckeditor/ckeditor5-build-classic/build/ckeditor.js HTTP/1.1" 404 109 "http://localhost:8000/" "Mozilla/5.0 (Windows NT 10.0; Win64; x64) AppleWebKit/537.36 (KHTML, like Gecko) Chrome/97.0.4692.99 Safari/537.36"
::1 - - [09/Feb/2022:13:55:35 +0000] "GET /node_modules/@ckeditor/ckeditor5-build-classic/build/ckeditor.js HTTP/1.1" 404 109 "http://localhost:8000/" "Mozilla/5.0 (Windows NT 10.0; Win64; x64) AppleWebKit/537.36 (KHTML, like Gecko) Chrome/97.0.4692.99 Safari/537.36"
::1 - - [09/Feb/2022:13:55:35 +0000] "GET /node_modules/@ckeditor/ckeditor5-build-classic/build/ckeditor.js HTTP/1.1" 404 109 "http://localhost:8000/" "Mozilla/5.0 (Windows NT 10.0; Win64; x64) AppleWebKit/537.36 (KHTML, like Gecko) Chrome/97.0.4692.99 Safari/537.36"
::1 - - [09/Feb/2022:13:55:35 +0000] "GET /node_modules/@ckeditor/ckeditor5-build-classic/build/ckeditor.js HTTP/1.1" 404 109 "http://localhost:8000/" "Mozilla/5.0 (Windows NT 10.0; Win64; x64) AppleWebKit/537.36 (KHTML, like Gecko) Chrome/97.0.4692.99 Safari/537.36"
::1 - - [09/Feb/2022:13:55:35 +0000] "GET /node_modules/@ckeditor/ckeditor5-build-classic/build/ckeditor.js HTTP/1.1" 404 109 "http://localhost:8000/" "Mozilla/5.0 (Windows NT 10.0; Win64; x64) AppleWebKit/537.36 (KHTML, like Gecko) Chrome/97.0.4692.99 Safari/537.36"
::1 - - [09/Feb/2022:13:57:25 +0000] "GET /node_modules/@ckeditor/ckeditor5-build-classic/build/ckeditor.js HTTP/1.1" 404 109 "http://localhost:8000/" "Mozilla/5.0 (Windows NT 10.0; Win64; x64) AppleWebKit/537.36 (KHTML, like Gecko) Chrome/97.0.4692.99 Safari/537.36"
::1 - - [09/Feb/2022:14:22:15 +0000] "POST / HTTP/1.1" 404 45 "http://localhost:8000/" "Mozilla/5.0 (Windows NT 10.0; Win64; x64) AppleWebKit/537.36 (KHTML, like Gecko) Chrome/97.0.4692.99 Safari/537.36"
::1 - - [09/Feb/2022:14:22:27 +0000] "POST / HTTP/1.1" 404 45 "http://localhost:8000/" "Mozilla/5.0 (Windows NT 10.0; Win64; x64) AppleWebKit/537.36 (KHTML, like Gecko) Chrome/97.0.4692.99 Safari/537.36"
::1 - - [09/Feb/2022:14:25:32 +0000] "POST /uploadImg HTTP/1.1" 404 54 "http://localhost:8000/" "Mozilla/5.0 (Windows NT 10.0; Win64; x64) AppleWebKit/537.36 (KHTML, like Gecko) Chrome/97.0.4692.99 Safari/537.36"
::1 - - [09/Feb/2022:15:03:10 +0000] "GET /uploads/in,on,to.png HTTP/1.1" 404 65 "http://localhost:8000/" "Mozilla/5.0 (Windows NT 10.0; Win64; x64) AppleWebKit/537.36 (KHTML, like Gecko) Chrome/97.0.4692.99 Safari/537.36"
::1 - - [09/Feb/2022:15:04:24 +0000] "GET /uploads/d69e27b4b24fe90bbab2282868e06f94.jpg HTTP/1.1" 404 89 "http://localhost:8000/" "Mozilla/5.0 (Windows NT 10.0; Win64; x64) AppleWebKit/537.36 (KHTML, like Gecko) Chrome/97.0.4692.99 Safari/537.36"
::1 - - [09/Feb/2022:15:14:00 +0000] "POST /uploadImg HTTP/1.1" 404 54 "http://localhost:8000/" "Mozilla/5.0 (Windows NT 10.0; Win64; x64) AppleWebKit/537.36 (KHTML, like Gecko) Chrome/97.0.4692.99 Safari/537.36"
::1 - - [09/Feb/2022:15:14:54 +0000] "GET /favicon.ico HTTP/1.1" 404 56 "http://localhost:8000/" "Mozilla/5.0 (Windows NT 10.0; Win64; x64) AppleWebKit/537.36 (KHTML, like Gecko) Chrome/97.0.4692.99 Safari/537.36"
::1 - - [09/Feb/2022:15:14:58 +0000] "POST /uploadImg HTTP/1.1" 404 54 "http://localhost:8000/" "Mozilla/5.0 (Windows NT 10.0; Win64; x64) AppleWebKit/537.36 (KHTML, like Gecko) Chrome/97.0.4692.99 Safari/537.36"
::1 - - [09/Feb/2022:15:24:05 +0000] "GET /uploads HTTP/1.1" 404 52 "http://localhost:8000/" "Mozilla/5.0 (Windows NT 10.0; Win64; x64) AppleWebKit/537.36 (KHTML, like Gecko) Chrome/97.0.4692.99 Safari/537.36"
::1 - - [09/Feb/2022:15:24:30 +0000] "GET /uploads/in,on,to.png HTTP/1.1" 404 65 "http://localhost:8000/" "Mozilla/5.0 (Windows NT 10.0; Win64; x64) AppleWebKit/537.36 (KHTML, like Gecko) Chrome/97.0.4692.99 Safari/537.36"
::1 - - [09/Feb/2022:15:25:40 +0000] "GET /uploads/in,on,to.png HTTP/1.1" 404 65 "http://localhost:8000/" "Mozilla/5.0 (Windows NT 10.0; Win64; x64) AppleWebKit/537.36 (KHTML, like Gecko) Chrome/97.0.4692.99 Safari/537.36"
::1 - - [09/Feb/2022:15:30:45 +0000] "GET /123 HTTP/1.1" 404 48 "http://localhost:8000/" "Mozilla/5.0 (Windows NT 10.0; Win64; x64) AppleWebKit/537.36 (KHTML, like Gecko) Chrome/97.0.4692.99 Safari/537.36"
::1 - - [09/Feb/2022:15:32:00 +0000] "GET /123 HTTP/1.1" 404 48 "http://localhost:8000/" "Mozilla/5.0 (Windows NT 10.0; Win64; x64) AppleWebKit/537.36 (KHTML, like Gecko) Chrome/97.0.4692.99 Safari/537.36"
