::1 - - [10/Feb/2022:01:56:07 +0000] "GET /favicon.ico HTTP/1.1" 404 56 "http://localhost:8000/" "Mozilla/5.0 (Windows NT 10.0; Win64; x64) AppleWebKit/537.36 (KHTML, like Gecko) Chrome/97.0.4692.99 Safari/537.36"
::1 - - [10/Feb/2022:01:56:26 +0000] "GET /favicon.ico HTTP/1.1" 404 56 "http://localhost:8000/" "Mozilla/5.0 (Windows NT 10.0; Win64; x64) AppleWebKit/537.36 (KHTML, like Gecko) Chrome/97.0.4692.99 Safari/537.36"
::1 - - [10/Feb/2022:02:12:08 +0000] "GET /favicon.ico HTTP/1.1" 404 56 "http://localhost:8000/" "Mozilla/5.0 (Windows NT 10.0; Win64; x64) AppleWebKit/537.36 (KHTML, like Gecko) Chrome/97.0.4692.99 Safari/537.36"
::1 - - [10/Feb/2022:02:15:20 +0000] "GET /@ckeditor/ckeditor5-highlight/src/highlight HTTP/1.1" 404 88 "http://localhost:8000/" "Mozilla/5.0 (Windows NT 10.0; Win64; x64) AppleWebKit/537.36 (KHTML, like Gecko) Chrome/97.0.4692.99 Safari/537.36"
::1 - - [10/Feb/2022:02:20:22 +0000] "GET /node_modules/@ckeditor/ckeditor5-build-classic/build/ckeditor.js HTTP/1.1" 404 109 "http://localhost:8000/" "Mozilla/5.0 (Windows NT 10.0; Win64; x64) AppleWebKit/537.36 (KHTML, like Gecko) Chrome/97.0.4692.99 Safari/537.36"
::1 - - [10/Feb/2022:02:20:22 +0000] "GET /node_modules/@ckeditor/ckeditor5-highlight/src/highlight.js HTTP/1.1" 404 104 "http://localhost:8000/" "Mozilla/5.0 (Windows NT 10.0; Win64; x64) AppleWebKit/537.36 (KHTML, like Gecko) Chrome/97.0.4692.99 Safari/537.36"
::1 - - [10/Feb/2022:02:20:22 +0000] "GET /favicon.ico HTTP/1.1" 404 56 "http://localhost:8000/" "Mozilla/5.0 (Windows NT 10.0; Win64; x64) AppleWebKit/537.36 (KHTML, like Gecko) Chrome/97.0.4692.99 Safari/537.36"
::1 - - [10/Feb/2022:02:52:59 +0000] "GET /favicon.ico HTTP/1.1" 404 56 "http://localhost:8000/" "Mozilla/5.0 (Windows NT 10.0; Win64; x64) AppleWebKit/537.36 (KHTML, like Gecko) Chrome/97.0.4692.99 Safari/537.36"
::1 - - [10/Feb/2022:02:53:13 +0000] "POST /insertArticle HTTP/1.1" 200 581 "http://localhost:8000/" "Mozilla/5.0 (Windows NT 10.0; Win64; x64) AppleWebKit/537.36 (KHTML, like Gecko) Chrome/97.0.4692.99 Safari/537.36"
::1 - - [10/Feb/2022:02:53:24 +0000] "POST /insertArticle HTTP/1.1" 200 581 "http://localhost:8000/" "Mozilla/5.0 (Windows NT 10.0; Win64; x64) AppleWebKit/537.36 (KHTML, like Gecko) Chrome/97.0.4692.99 Safari/537.36"
::1 - - [10/Feb/2022:02:55:56 +0000] "GET /favicon.ico HTTP/1.1" 404 56 "http://localhost:8000/" "Mozilla/5.0 (Windows NT 10.0; Win64; x64) AppleWebKit/537.36 (KHTML, like Gecko) Chrome/97.0.4692.99 Safari/537.36"
::1 - - [10/Feb/2022:02:55:56 +0000] "GET /favicon.ico HTTP/1.1" 404 56 "http://localhost:8000/" "Mozilla/5.0 (Windows NT 10.0; Win64; x64) AppleWebKit/537.36 (KHTML, like Gecko) Chrome/97.0.4692.99 Safari/537.36"
::1 - - [10/Feb/2022:02:55:57 +0000] "GET /favicon.ico HTTP/1.1" 404 56 "http://localhost:8000/" "Mozilla/5.0 (Windows NT 10.0; Win64; x64) AppleWebKit/537.36 (KHTML, like Gecko) Chrome/97.0.4692.99 Safari/537.36"
::1 - - [10/Feb/2022:02:55:57 +0000] "GET /favicon.ico HTTP/1.1" 404 56 "http://localhost:8000/" "Mozilla/5.0 (Windows NT 10.0; Win64; x64) AppleWebKit/537.36 (KHTML, like Gecko) Chrome/97.0.4692.99 Safari/537.36"
::1 - - [10/Feb/2022:02:55:57 +0000] "GET /favicon.ico HTTP/1.1" 404 56 "http://localhost:8000/" "Mozilla/5.0 (Windows NT 10.0; Win64; x64) AppleWebKit/537.36 (KHTML, like Gecko) Chrome/97.0.4692.99 Safari/537.36"
::1 - - [10/Feb/2022:02:55:57 +0000] "GET /favicon.ico HTTP/1.1" 404 56 "http://localhost:8000/" "Mozilla/5.0 (Windows NT 10.0; Win64; x64) AppleWebKit/537.36 (KHTML, like Gecko) Chrome/97.0.4692.99 Safari/537.36"
::1 - - [10/Feb/2022:02:55:57 +0000] "GET /favicon.ico HTTP/1.1" 404 56 "http://localhost:8000/" "Mozilla/5.0 (Windows NT 10.0; Win64; x64) AppleWebKit/537.36 (KHTML, like Gecko) Chrome/97.0.4692.99 Safari/537.36"
::1 - - [10/Feb/2022:02:55:58 +0000] "GET /favicon.ico HTTP/1.1" 404 56 "http://localhost:8000/" "Mozilla/5.0 (Windows NT 10.0; Win64; x64) AppleWebKit/537.36 (KHTML, like Gecko) Chrome/97.0.4692.99 Safari/537.36"
::1 - - [10/Feb/2022:02:57:35 +0000] "GET /favicon.ico HTTP/1.1" 404 56 "http://localhost:8000/" "Mozilla/5.0 (Windows NT 10.0; Win64; x64) AppleWebKit/537.36 (KHTML, like Gecko) Chrome/97.0.4692.99 Safari/537.36"
::1 - - [10/Feb/2022:03:00:55 +0000] "GET /favicon.ico HTTP/1.1" 404 56 "http://localhost:8000/" "Mozilla/5.0 (Windows NT 10.0; Win64; x64) AppleWebKit/537.36 (KHTML, like Gecko) Chrome/97.0.4692.99 Safari/537.36"
::1 - - [10/Feb/2022:03:00:55 +0000] "GET /favicon.ico HTTP/1.1" 404 56 "http://localhost:8000/" "Mozilla/5.0 (Windows NT 10.0; Win64; x64) AppleWebKit/537.36 (KHTML, like Gecko) Chrome/97.0.4692.99 Safari/537.36"
::1 - - [10/Feb/2022:03:00:55 +0000] "GET /favicon.ico HTTP/1.1" 404 56 "http://localhost:8000/" "Mozilla/5.0 (Windows NT 10.0; Win64; x64) AppleWebKit/537.36 (KHTML, like Gecko) Chrome/97.0.4692.99 Safari/537.36"
::1 - - [10/Feb/2022:03:00:56 +0000] "GET /favicon.ico HTTP/1.1" 404 56 "http://localhost:8000/" "Mozilla/5.0 (Windows NT 10.0; Win64; x64) AppleWebKit/537.36 (KHTML, like Gecko) Chrome/97.0.4692.99 Safari/537.36"
::1 - - [10/Feb/2022:03:00:56 +0000] "GET /favicon.ico HTTP/1.1" 404 56 "http://localhost:8000/" "Mozilla/5.0 (Windows NT 10.0; Win64; x64) AppleWebKit/537.36 (KHTML, like Gecko) Chrome/97.0.4692.99 Safari/537.36"
::1 - - [10/Feb/2022:03:00:56 +0000] "GET /favicon.ico HTTP/1.1" 404 56 "http://localhost:8000/" "Mozilla/5.0 (Windows NT 10.0; Win64; x64) AppleWebKit/537.36 (KHTML, like Gecko) Chrome/97.0.4692.99 Safari/537.36"
::1 - - [10/Feb/2022:03:00:56 +0000] "GET /favicon.ico HTTP/1.1" 404 56 "http://localhost:8000/" "Mozilla/5.0 (Windows NT 10.0; Win64; x64) AppleWebKit/537.36 (KHTML, like Gecko) Chrome/97.0.4692.99 Safari/537.36"
::1 - - [10/Feb/2022:03:00:56 +0000] "GET /favicon.ico HTTP/1.1" 404 56 "http://localhost:8000/" "Mozilla/5.0 (Windows NT 10.0; Win64; x64) AppleWebKit/537.36 (KHTML, like Gecko) Chrome/97.0.4692.99 Safari/537.36"
::1 - - [10/Feb/2022:03:00:56 +0000] "GET /favicon.ico HTTP/1.1" 404 56 "http://localhost:8000/" "Mozilla/5.0 (Windows NT 10.0; Win64; x64) AppleWebKit/537.36 (KHTML, like Gecko) Chrome/97.0.4692.99 Safari/537.36"
::1 - - [10/Feb/2022:03:01:20 +0000] "GET /favicon.ico HTTP/1.1" 404 56 "http://localhost:8000/" "Mozilla/5.0 (Windows NT 10.0; Win64; x64) AppleWebKit/537.36 (KHTML, like Gecko) Chrome/97.0.4692.99 Safari/537.36"
::1 - - [10/Feb/2022:03:17:41 +0000] "GET /favicon.ico HTTP/1.1" 404 56 "http://localhost:8000/" "Mozilla/5.0 (Windows NT 10.0; Win64; x64) AppleWebKit/537.36 (KHTML, like Gecko) Chrome/97.0.4692.99 Safari/537.36"
::1 - - [10/Feb/2022:03:43:13 +0000] "GET /node_modules/@ckeditor/ckeditor5-build-classic/build/ckeditor.js HTTP/1.1" 404 109 "http://localhost:8000/" "Mozilla/5.0 (Windows NT 10.0; Win64; x64) AppleWebKit/537.36 (KHTML, like Gecko) Chrome/97.0.4692.99 Safari/537.36"
::1 - - [10/Feb/2022:03:59:38 +0000] "GET /favicon.ico HTTP/1.1" 404 56 "http://localhost:8000/" "Mozilla/5.0 (Windows NT 10.0; Win64; x64) AppleWebKit/537.36 (KHTML, like Gecko) Chrome/97.0.4692.99 Safari/537.36"
::1 - - [10/Feb/2022:03:59:38 +0000] "GET /favicon.ico HTTP/1.1" 404 56 "http://localhost:8000/" "Mozilla/5.0 (Windows NT 10.0; Win64; x64) AppleWebKit/537.36 (KHTML, like Gecko) Chrome/97.0.4692.99 Safari/537.36"
::1 - - [10/Feb/2022:03:59:38 +0000] "GET /favicon.ico HTTP/1.1" 404 56 "http://localhost:8000/" "Mozilla/5.0 (Windows NT 10.0; Win64; x64) AppleWebKit/537.36 (KHTML, like Gecko) Chrome/97.0.4692.99 Safari/537.36"
::1 - - [10/Feb/2022:04:05:46 +0000] "GET /@ckeditor/ckeditor5-build-classic/ HTTP/1.1" 404 79 "http://localhost:8000/" "Mozilla/5.0 (Windows NT 10.0; Win64; x64) AppleWebKit/537.36 (KHTML, like Gecko) Chrome/97.0.4692.99 Safari/537.36"
::1 - - [10/Feb/2022:04:05:47 +0000] "GET /@ckeditor/ckeditor5-build-classic/ HTTP/1.1" 404 79 "http://localhost:8000/" "Mozilla/5.0 (Windows NT 10.0; Win64; x64) AppleWebKit/537.36 (KHTML, like Gecko) Chrome/97.0.4692.99 Safari/537.36"
::1 - - [10/Feb/2022:04:05:47 +0000] "GET /@ckeditor/ckeditor5-build-classic/ HTTP/1.1" 404 79 "http://localhost:8000/" "Mozilla/5.0 (Windows NT 10.0; Win64; x64) AppleWebKit/537.36 (KHTML, like Gecko) Chrome/97.0.4692.99 Safari/537.36"
::1 - - [10/Feb/2022:04:05:48 +0000] "GET /@ckeditor/ckeditor5-build-classic/ HTTP/1.1" 404 79 "http://localhost:8000/" "Mozilla/5.0 (Windows NT 10.0; Win64; x64) AppleWebKit/537.36 (KHTML, like Gecko) Chrome/97.0.4692.99 Safari/537.36"
::1 - - [10/Feb/2022:04:05:48 +0000] "GET /@ckeditor/ckeditor5-build-classic/ HTTP/1.1" 404 79 "http://localhost:8000/" "Mozilla/5.0 (Windows NT 10.0; Win64; x64) AppleWebKit/537.36 (KHTML, like Gecko) Chrome/97.0.4692.99 Safari/537.36"
::1 - - [10/Feb/2022:04:05:48 +0000] "GET /@ckeditor/ckeditor5-build-classic/ HTTP/1.1" 404 79 "http://localhost:8000/" "Mozilla/5.0 (Windows NT 10.0; Win64; x64) AppleWebKit/537.36 (KHTML, like Gecko) Chrome/97.0.4692.99 Safari/537.36"
::1 - - [10/Feb/2022:04:09:30 +0000] "GET /@ckeditor/ckeditor5-build-classic/src/classiceditor.js HTTP/1.1" 404 99 "http://localhost:8000/" "Mozilla/5.0 (Windows NT 10.0; Win64; x64) AppleWebKit/537.36 (KHTML, like Gecko) Chrome/97.0.4692.99 Safari/537.36"
::1 - - [10/Feb/2022:04:09:31 +0000] "GET /@ckeditor/ckeditor5-build-classic/src/classiceditor.js HTTP/1.1" 404 99 "http://localhost:8000/" "Mozilla/5.0 (Windows NT 10.0; Win64; x64) AppleWebKit/537.36 (KHTML, like Gecko) Chrome/97.0.4692.99 Safari/537.36"
::1 - - [10/Feb/2022:04:09:31 +0000] "GET /@ckeditor/ckeditor5-build-classic/src/classiceditor.js HTTP/1.1" 404 99 "http://localhost:8000/" "Mozilla/5.0 (Windows NT 10.0; Win64; x64) AppleWebKit/537.36 (KHTML, like Gecko) Chrome/97.0.4692.99 Safari/537.36"
::1 - - [10/Feb/2022:04:09:32 +0000] "GET /@ckeditor/ckeditor5-build-classic/src/classiceditor.js HTTP/1.1" 404 99 "http://localhost:8000/" "Mozilla/5.0 (Windows NT 10.0; Win64; x64) AppleWebKit/537.36 (KHTML, like Gecko) Chrome/97.0.4692.99 Safari/537.36"
::1 - - [10/Feb/2022:04:09:32 +0000] "GET /@ckeditor/ckeditor5-build-classic/src/classiceditor.js HTTP/1.1" 404 99 "http://localhost:8000/" "Mozilla/5.0 (Windows NT 10.0; Win64; x64) AppleWebKit/537.36 (KHTML, like Gecko) Chrome/97.0.4692.99 Safari/537.36"
::1 - - [10/Feb/2022:04:10:28 +0000] "GET /@ckeditor/ckeditor5-build-classic/src/index.js HTTP/1.1" 404 91 "http://localhost:8000/" "Mozilla/5.0 (Windows NT 10.0; Win64; x64) AppleWebKit/537.36 (KHTML, like Gecko) Chrome/97.0.4692.99 Safari/537.36"
::1 - - [10/Feb/2022:04:22:26 +0000] "GET /@ckeditor/ckeditor5-build-classic/ HTTP/1.1" 404 79 "http://localhost:8000/" "Mozilla/5.0 (Windows NT 10.0; Win64; x64) AppleWebKit/537.36 (KHTML, like Gecko) Chrome/97.0.4692.99 Safari/537.36"
::1 - - [10/Feb/2022:05:17:52 +0000] "GET /ckeditor5-32.0.0-6n1slnhv87v9/ HTTP/1.1" 404 75 "-" "Mozilla/5.0 (Windows NT 10.0; Win64; x64) AppleWebKit/537.36 (KHTML, like Gecko) Chrome/97.0.4692.99 Safari/537.36"
::1 - - [10/Feb/2022:05:27:44 +0000] "GET /favicon.ico HTTP/1.1" 404 56 "http://localhost:8000/" "Mozilla/5.0 (Windows NT 10.0; Win64; x64) AppleWebKit/537.36 (KHTML, like Gecko) Chrome/97.0.4692.99 Safari/537.36"
::1 - - [10/Feb/2022:05:27:46 +0000] "GET /favicon.ico HTTP/1.1" 404 56 "http://localhost:8000/" "Mozilla/5.0 (Windows NT 10.0; Win64; x64) AppleWebKit/537.36 (KHTML, like Gecko) Chrome/97.0.4692.99 Safari/537.36"
::1 - - [10/Feb/2022:05:28:46 +0000] "GET /favicon.ico HTTP/1.1" 404 56 "http://localhost:8000/" "Mozilla/5.0 (Windows NT 10.0; Win64; x64) AppleWebKit/537.36 (KHTML, like Gecko) Chrome/97.0.4692.99 Safari/537.36"
::1 - - [10/Feb/2022:05:28:47 +0000] "GET /favicon.ico HTTP/1.1" 404 56 "http://localhost:8000/" "Mozilla/5.0 (Windows NT 10.0; Win64; x64) AppleWebKit/537.36 (KHTML, like Gecko) Chrome/97.0.4692.99 Safari/537.36"
::1 - - [10/Feb/2022:05:28:48 +0000] "GET /favicon.ico HTTP/1.1" 404 56 "http://localhost:8000/" "Mozilla/5.0 (Windows NT 10.0; Win64; x64) AppleWebKit/537.36 (KHTML, like Gecko) Chrome/97.0.4692.99 Safari/537.36"
::1 - - [10/Feb/2022:05:31:02 +0000] "GET /favicon.ico HTTP/1.1" 404 56 "http://localhost:8000/" "Mozilla/5.0 (Windows NT 10.0; Win64; x64) AppleWebKit/537.36 (KHTML, like Gecko) Chrome/97.0.4692.99 Safari/537.36"
::1 - - [10/Feb/2022:05:46:05 +0000] "GET /getlist HTTP/1.1" 200 1661 "-" "Mozilla/5.0 (Windows NT 10.0; Win64; x64) AppleWebKit/537.36 (KHTML, like Gecko) Chrome/97.0.4692.99 Safari/537.36"
::1 - - [10/Feb/2022:05:48:08 +0000] "POST /insertArticle HTTP/1.1" 200 20 "http://localhost:8000/" "Mozilla/5.0 (Windows NT 10.0; Win64; x64) AppleWebKit/537.36 (KHTML, like Gecko) Chrome/97.0.4692.99 Safari/537.36"
::1 - - [10/Feb/2022:05:49:29 +0000] "POST /insertArticle HTTP/1.1" 200 9 "http://localhost:8000/" "Mozilla/5.0 (Windows NT 10.0; Win64; x64) AppleWebKit/537.36 (KHTML, like Gecko) Chrome/97.0.4692.99 Safari/537.36"
::1 - - [10/Feb/2022:05:50:32 +0000] "GET /123 HTTP/1.1" 404 48 "-" "Mozilla/5.0 (Windows NT 10.0; Win64; x64) AppleWebKit/537.36 (KHTML, like Gecko) Chrome/97.0.4692.99 Safari/537.36"
::1 - - [10/Feb/2022:05:50:37 +0000] "GET /123 HTTP/1.1" 404 48 "-" "Mozilla/5.0 (Windows NT 10.0; Win64; x64) AppleWebKit/537.36 (KHTML, like Gecko) Chrome/97.0.4692.99 Safari/537.36"
::1 - - [10/Feb/2022:06:08:19 +0000] "GET /favicon.ico HTTP/1.1" 404 56 "http://localhost:8000/" "Mozilla/5.0 (Windows NT 10.0; Win64; x64) AppleWebKit/537.36 (KHTML, like Gecko) Chrome/97.0.4692.99 Safari/537.36"
::1 - - [10/Feb/2022:06:08:52 +0000] "GET /favicon.ico HTTP/1.1" 404 56 "http://localhost:8000/" "Mozilla/5.0 (Windows NT 10.0; Win64; x64) AppleWebKit/537.36 (KHTML, like Gecko) Chrome/97.0.4692.99 Safari/537.36"
::1 - - [10/Feb/2022:06:10:58 +0000] "GET /favicon.ico HTTP/1.1" 404 56 "http://localhost:8000/" "Mozilla/5.0 (Windows NT 10.0; Win64; x64) AppleWebKit/537.36 (KHTML, like Gecko) Chrome/97.0.4692.99 Safari/537.36"
::1 - - [10/Feb/2022:06:11:59 +0000] "GET /favicon.ico HTTP/1.1" 404 56 "http://localhost:8000/" "Mozilla/5.0 (Windows NT 10.0; Win64; x64) AppleWebKit/537.36 (KHTML, like Gecko) Chrome/97.0.4692.99 Safari/537.36"
::1 - - [10/Feb/2022:06:14:04 +0000] "GET /favicon.ico HTTP/1.1" 404 56 "http://localhost:8000/" "Mozilla/5.0 (Windows NT 10.0; Win64; x64) AppleWebKit/537.36 (KHTML, like Gecko) Chrome/97.0.4692.99 Safari/537.36"
::1 - - [10/Feb/2022:06:15:48 +0000] "GET /favicon.ico HTTP/1.1" 404 56 "http://localhost:8000/" "Mozilla/5.0 (Windows NT 10.0; Win64; x64) AppleWebKit/537.36 (KHTML, like Gecko) Chrome/97.0.4692.99 Safari/537.36"
::1 - - [10/Feb/2022:06:16:22 +0000] "GET /favicon.ico HTTP/1.1" 404 56 "http://localhost:8000/" "Mozilla/5.0 (Windows NT 10.0; Win64; x64) AppleWebKit/537.36 (KHTML, like Gecko) Chrome/97.0.4692.99 Safari/537.36"
::1 - - [10/Feb/2022:06:19:05 +0000] "GET /favicon.ico HTTP/1.1" 404 56 "http://localhost:8000/" "Mozilla/5.0 (Windows NT 10.0; Win64; x64) AppleWebKit/537.36 (KHTML, like Gecko) Chrome/97.0.4692.99 Safari/537.36"
::1 - - [10/Feb/2022:06:20:19 +0000] "GET /favicon.ico HTTP/1.1" 404 56 "http://localhost:8000/" "Mozilla/5.0 (Windows NT 10.0; Win64; x64) AppleWebKit/537.36 (KHTML, like Gecko) Chrome/97.0.4692.99 Safari/537.36"
::1 - - [10/Feb/2022:06:25:42 +0000] "GET /favicon.ico HTTP/1.1" 404 56 "http://localhost:8000/" "Mozilla/5.0 (Windows NT 10.0; Win64; x64) AppleWebKit/537.36 (KHTML, like Gecko) Chrome/97.0.4692.99 Safari/537.36"
::1 - - [10/Feb/2022:06:26:49 +0000] "GET /favicon.ico HTTP/1.1" 404 56 "http://localhost:8000/" "Mozilla/5.0 (Windows NT 10.0; Win64; x64) AppleWebKit/537.36 (KHTML, like Gecko) Chrome/97.0.4692.99 Safari/537.36"
::1 - - [10/Feb/2022:06:29:42 +0000] "GET /favicon.ico HTTP/1.1" 404 56 "http://localhost:8000/" "Mozilla/5.0 (Windows NT 10.0; Win64; x64) AppleWebKit/537.36 (KHTML, like Gecko) Chrome/97.0.4692.99 Safari/537.36"
::1 - - [10/Feb/2022:06:31:34 +0000] "GET /favicon.ico HTTP/1.1" 404 56 "http://localhost:8000/" "Mozilla/5.0 (Windows NT 10.0; Win64; x64) AppleWebKit/537.36 (KHTML, like Gecko) Chrome/97.0.4692.99 Safari/537.36"
::1 - - [10/Feb/2022:06:31:35 +0000] "POST /insertArticle HTTP/1.1" 200 2 "http://localhost:8000/" "Mozilla/5.0 (Windows NT 10.0; Win64; x64) AppleWebKit/537.36 (KHTML, like Gecko) Chrome/97.0.4692.99 Safari/537.36"
::1 - - [10/Feb/2022:06:33:36 +0000] "GET /favicon.ico HTTP/1.1" 404 56 "http://localhost:8000/" "Mozilla/5.0 (Windows NT 10.0; Win64; x64) AppleWebKit/537.36 (KHTML, like Gecko) Chrome/97.0.4692.99 Safari/537.36"
::1 - - [10/Feb/2022:06:37:07 +0000] "POST /insertArticle HTTP/1.1" 200 2 "http://localhost:8000/" "Mozilla/5.0 (Windows NT 10.0; Win64; x64) AppleWebKit/537.36 (KHTML, like Gecko) Chrome/97.0.4692.99 Safari/537.36"
::1 - - [10/Feb/2022:06:41:12 +0000] "GET /favicon.ico HTTP/1.1" 404 56 "http://localhost:8000/" "Mozilla/5.0 (Windows NT 10.0; Win64; x64) AppleWebKit/537.36 (KHTML, like Gecko) Chrome/97.0.4692.99 Safari/537.36"
::1 - - [10/Feb/2022:06:41:57 +0000] "POST /insertArticle HTTP/1.1" 200 2 "http://localhost:8000/" "Mozilla/5.0 (Windows NT 10.0; Win64; x64) AppleWebKit/537.36 (KHTML, like Gecko) Chrome/97.0.4692.99 Safari/537.36"
::1 - - [10/Feb/2022:06:47:03 +0000] "POST /insertArticle HTTP/1.1" 200 2 "http://localhost:8000/" "Mozilla/5.0 (Windows NT 10.0; Win64; x64) AppleWebKit/537.36 (KHTML, like Gecko) Chrome/97.0.4692.99 Safari/537.36"
::1 - - [10/Feb/2022:06:47:22 +0000] "POST /insertArticle HTTP/1.1" 200 2 "http://localhost:8000/" "Mozilla/5.0 (Windows NT 10.0; Win64; x64) AppleWebKit/537.36 (KHTML, like Gecko) Chrome/97.0.4692.99 Safari/537.36"
::1 - - [10/Feb/2022:06:47:30 +0000] "POST /insertArticle HTTP/1.1" 200 2 "http://localhost:8000/" "Mozilla/5.0 (Windows NT 10.0; Win64; x64) AppleWebKit/537.36 (KHTML, like Gecko) Chrome/97.0.4692.99 Safari/537.36"
::1 - - [10/Feb/2022:06:47:36 +0000] "POST /insertArticle HTTP/1.1" 200 2 "http://localhost:8000/" "Mozilla/5.0 (Windows NT 10.0; Win64; x64) AppleWebKit/537.36 (KHTML, like Gecko) Chrome/97.0.4692.99 Safari/537.36"
::1 - - [10/Feb/2022:06:47:50 +0000] "GET /favicon.ico HTTP/1.1" 404 56 "http://localhost:8000/" "Mozilla/5.0 (Windows NT 10.0; Win64; x64) AppleWebKit/537.36 (KHTML, like Gecko) Chrome/97.0.4692.99 Safari/537.36"
::1 - - [10/Feb/2022:06:47:55 +0000] "POST /insertArticle HTTP/1.1" 200 2 "http://localhost:8000/" "Mozilla/5.0 (Windows NT 10.0; Win64; x64) AppleWebKit/537.36 (KHTML, like Gecko) Chrome/97.0.4692.99 Safari/537.36"
::1 - - [10/Feb/2022:06:54:00 +0000] "GET /favicon.ico HTTP/1.1" 404 56 "http://localhost:8000/" "Mozilla/5.0 (Windows NT 10.0; Win64; x64) AppleWebKit/537.36 (KHTML, like Gecko) Chrome/97.0.4692.99 Safari/537.36"
::1 - - [10/Feb/2022:06:58:19 +0000] "GET /favicon.ico HTTP/1.1" 404 56 "http://localhost:8000/" "Mozilla/5.0 (Windows NT 10.0; Win64; x64) AppleWebKit/537.36 (KHTML, like Gecko) Chrome/97.0.4692.99 Safari/537.36"
::1 - - [10/Feb/2022:06:58:56 +0000] "GET /favicon.ico HTTP/1.1" 404 56 "http://localhost:8000/" "Mozilla/5.0 (Windows NT 10.0; Win64; x64) AppleWebKit/537.36 (KHTML, like Gecko) Chrome/97.0.4692.99 Safari/537.36"
::1 - - [10/Feb/2022:06:58:59 +0000] "POST /insertArticle HTTP/1.1" 200 2 "http://localhost:8000/" "Mozilla/5.0 (Windows NT 10.0; Win64; x64) AppleWebKit/537.36 (KHTML, like Gecko) Chrome/97.0.4692.99 Safari/537.36"
::1 - - [10/Feb/2022:06:59:27 +0000] "GET /favicon.ico HTTP/1.1" 404 56 "http://localhost:8000/" "Mozilla/5.0 (Windows NT 10.0; Win64; x64) AppleWebKit/537.36 (KHTML, like Gecko) Chrome/97.0.4692.99 Safari/537.36"
::1 - - [10/Feb/2022:06:59:37 +0000] "POST /insertArticle HTTP/1.1" 200 2 "http://localhost:8000/" "Mozilla/5.0 (Windows NT 10.0; Win64; x64) AppleWebKit/537.36 (KHTML, like Gecko) Chrome/97.0.4692.99 Safari/537.36"
::1 - - [10/Feb/2022:07:11:03 +0000] "POST /insertArticle HTTP/1.1" 200 2 "http://localhost:8000/" "Mozilla/5.0 (Windows NT 10.0; Win64; x64) AppleWebKit/537.36 (KHTML, like Gecko) Chrome/97.0.4692.99 Safari/537.36"
::1 - - [10/Feb/2022:07:11:36 +0000] "POST /insertArticle HTTP/1.1" 200 2 "http://localhost:8000/" "Mozilla/5.0 (Windows NT 10.0; Win64; x64) AppleWebKit/537.36 (KHTML, like Gecko) Chrome/97.0.4692.99 Safari/537.36"
::1 - - [10/Feb/2022:07:17:57 +0000] "POST /insertArticle HTTP/1.1" 200 2 "http://localhost:8000/" "Mozilla/5.0 (Windows NT 10.0; Win64; x64) AppleWebKit/537.36 (KHTML, like Gecko) Chrome/97.0.4692.99 Safari/537.36"
::1 - - [10/Feb/2022:07:19:53 +0000] "POST /insertArticle HTTP/1.1" 200 2 "http://localhost:8000/" "Mozilla/5.0 (Windows NT 10.0; Win64; x64) AppleWebKit/537.36 (KHTML, like Gecko) Chrome/97.0.4692.99 Safari/537.36"
::1 - - [10/Feb/2022:07:22:55 +0000] "POST /insertArticle HTTP/1.1" 200 2 "http://localhost:8000/" "Mozilla/5.0 (Windows NT 10.0; Win64; x64) AppleWebKit/537.36 (KHTML, like Gecko) Chrome/97.0.4692.99 Safari/537.36"
::1 - - [10/Feb/2022:07:23:20 +0000] "POST /insertArticle HTTP/1.1" 200 2 "http://localhost:8000/" "Mozilla/5.0 (Windows NT 10.0; Win64; x64) AppleWebKit/537.36 (KHTML, like Gecko) Chrome/97.0.4692.99 Safari/537.36"
::1 - - [10/Feb/2022:07:24:09 +0000] "POST /insertArticle HTTP/1.1" 200 2 "http://localhost:8000/" "Mozilla/5.0 (Windows NT 10.0; Win64; x64) AppleWebKit/537.36 (KHTML, like Gecko) Chrome/97.0.4692.99 Safari/537.36"
::1 - - [10/Feb/2022:07:31:00 +0000] "POST /insertArticle HTTP/1.1" 200 2 "http://localhost:8000/" "Mozilla/5.0 (Windows NT 10.0; Win64; x64) AppleWebKit/537.36 (KHTML, like Gecko) Chrome/97.0.4692.99 Safari/537.36"
::1 - - [10/Feb/2022:07:37:11 +0000] "POST /insertArticle HTTP/1.1" 302 23 "http://localhost:8000/" "Mozilla/5.0 (Windows NT 10.0; Win64; x64) AppleWebKit/537.36 (KHTML, like Gecko) Chrome/97.0.4692.99 Safari/537.36"
::1 - - [10/Feb/2022:08:00:45 +0000] "POST /insertArticle HTTP/1.1" 200 46 "http://localhost:8000/" "Mozilla/5.0 (Windows NT 10.0; Win64; x64) AppleWebKit/537.36 (KHTML, like Gecko) Chrome/97.0.4692.99 Safari/537.36"
::1 - - [10/Feb/2022:08:11:22 +0000] "GET /getlist HTTP/1.1" 200 8198 "-" "PostmanRuntime/7.29.0"
::1 - - [10/Feb/2022:08:12:48 +0000] "GET /favicon.ico HTTP/1.1" 404 56 "http://localhost:8000/" "Mozilla/5.0 (Windows NT 10.0; Win64; x64) AppleWebKit/537.36 (KHTML, like Gecko) Chrome/97.0.4692.99 Safari/537.36"
::1 - - [10/Feb/2022:08:12:56 +0000] "GET /asd HTTP/1.1" 404 48 "-" "Mozilla/5.0 (Windows NT 10.0; Win64; x64) AppleWebKit/537.36 (KHTML, like Gecko) Chrome/97.0.4692.99 Safari/537.36"
::1 - - [10/Feb/2022:08:13:01 +0000] "GET /asd%E3%80%82html HTTP/1.1" 404 61 "-" "Mozilla/5.0 (Windows NT 10.0; Win64; x64) AppleWebKit/537.36 (KHTML, like Gecko) Chrome/97.0.4692.99 Safari/537.36"
::1 - - [10/Feb/2022:08:13:49 +0000] "GET /favicon.ico HTTP/1.1" 404 56 "http://localhost:8000/asd.html" "Mozilla/5.0 (Windows NT 10.0; Win64; x64) AppleWebKit/537.36 (KHTML, like Gecko) Chrome/97.0.4692.99 Safari/537.36"
::1 - - [10/Feb/2022:08:21:50 +0000] "GET / HTTP/1.1" 404 45 "-" "Mozilla/5.0 (Windows NT 10.0; Win64; x64) AppleWebKit/537.36 (KHTML, like Gecko) Chrome/97.0.4692.99 Safari/537.36"
::1 - - [10/Feb/2022:08:29:55 +0000] "GET /list.html HTTP/1.1" 404 63 "-" "Mozilla/5.0 (Windows NT 10.0; Win64; x64) AppleWebKit/537.36 (KHTML, like Gecko) Chrome/97.0.4692.99 Safari/537.36"
::1 - - [10/Feb/2022:08:29:58 +0000] "GET /list.html HTTP/1.1" 404 63 "-" "Mozilla/5.0 (Windows NT 10.0; Win64; x64) AppleWebKit/537.36 (KHTML, like Gecko) Chrome/97.0.4692.99 Safari/537.36"
::1 - - [10/Feb/2022:08:30:00 +0000] "GET / HTTP/1.1" 404 54 "-" "Mozilla/5.0 (Windows NT 10.0; Win64; x64) AppleWebKit/537.36 (KHTML, like Gecko) Chrome/97.0.4692.99 Safari/537.36"
::1 - - [10/Feb/2022:08:30:02 +0000] "GET /insertArticle.css HTTP/1.1" 404 71 "http://localhost:8000/insertArticle.html" "Mozilla/5.0 (Windows NT 10.0; Win64; x64) AppleWebKit/537.36 (KHTML, like Gecko) Chrome/97.0.4692.99 Safari/537.36"
::1 - - [10/Feb/2022:08:30:02 +0000] "GET /insertArticle.css HTTP/1.1" 404 71 "http://localhost:8000/insertArticle.html" "Mozilla/5.0 (Windows NT 10.0; Win64; x64) AppleWebKit/537.36 (KHTML, like Gecko) Chrome/97.0.4692.99 Safari/537.36"
::1 - - [10/Feb/2022:08:30:04 +0000] "GET /insertArticle.css HTTP/1.1" 404 71 "http://localhost:8000/insertArticle.html" "Mozilla/5.0 (Windows NT 10.0; Win64; x64) AppleWebKit/537.36 (KHTML, like Gecko) Chrome/97.0.4692.99 Safari/537.36"
::1 - - [10/Feb/2022:08:30:04 +0000] "GET /insertArticle.css HTTP/1.1" 404 71 "http://localhost:8000/insertArticle.html" "Mozilla/5.0 (Windows NT 10.0; Win64; x64) AppleWebKit/537.36 (KHTML, like Gecko) Chrome/97.0.4692.99 Safari/537.36"
::1 - - [10/Feb/2022:08:30:51 +0000] "GET / HTTP/1.1" 404 54 "-" "Mozilla/5.0 (Windows NT 10.0; Win64; x64) AppleWebKit/537.36 (KHTML, like Gecko) Chrome/97.0.4692.99 Safari/537.36"
::1 - - [10/Feb/2022:08:30:55 +0000] "GET / HTTP/1.1" 404 54 "-" "Mozilla/5.0 (Windows NT 10.0; Win64; x64) AppleWebKit/537.36 (KHTML, like Gecko) Chrome/97.0.4692.99 Safari/537.36"
::1 - - [10/Feb/2022:08:30:59 +0000] "GET /articleList HTTP/1.1" 404 65 "-" "Mozilla/5.0 (Windows NT 10.0; Win64; x64) AppleWebKit/537.36 (KHTML, like Gecko) Chrome/97.0.4692.99 Safari/537.36"
::1 - - [10/Feb/2022:08:31:05 +0000] "GET /articleList HTTP/1.1" 404 65 "-" "Mozilla/5.0 (Windows NT 10.0; Win64; x64) AppleWebKit/537.36 (KHTML, like Gecko) Chrome/97.0.4692.99 Safari/537.36"
::1 - - [10/Feb/2022:08:31:08 +0000] "GET / HTTP/1.1" 404 54 "-" "Mozilla/5.0 (Windows NT 10.0; Win64; x64) AppleWebKit/537.36 (KHTML, like Gecko) Chrome/97.0.4692.99 Safari/537.36"
::1 - - [10/Feb/2022:08:32:27 +0000] "POST /insertArticle HTTP/1.1" 302 39 "http://localhost:8000/insertArticle.html" "Mozilla/5.0 (Windows NT 10.0; Win64; x64) AppleWebKit/537.36 (KHTML, like Gecko) Chrome/97.0.4692.99 Safari/537.36"
::1 - - [10/Feb/2022:08:38:33 +0000] "GET /asdasd HTTP/1.1" 500 370 "-" "Mozilla/5.0 (Windows NT 10.0; Win64; x64) AppleWebKit/537.36 (KHTML, like Gecko) Chrome/97.0.4692.99 Safari/537.36"
::1 - - [10/Feb/2022:08:41:02 +0000] "GET /asdasd HTTP/1.1" 500 370 "-" "Mozilla/5.0 (Windows NT 10.0; Win64; x64) AppleWebKit/537.36 (KHTML, like Gecko) Chrome/97.0.4692.99 Safari/537.36"
::1 - - [10/Feb/2022:08:41:46 +0000] "GET /asdasd HTTP/1.1" 500 190 "-" "Mozilla/5.0 (Windows NT 10.0; Win64; x64) AppleWebKit/537.36 (KHTML, like Gecko) Chrome/97.0.4692.99 Safari/537.36"
::1 - - [10/Feb/2022:08:41:47 +0000] "GET /asdasd HTTP/1.1" 500 190 "-" "Mozilla/5.0 (Windows NT 10.0; Win64; x64) AppleWebKit/537.36 (KHTML, like Gecko) Chrome/97.0.4692.99 Safari/537.36"
::1 - - [10/Feb/2022:08:41:47 +0000] "GET /asdasd HTTP/1.1" 500 190 "-" "Mozilla/5.0 (Windows NT 10.0; Win64; x64) AppleWebKit/537.36 (KHTML, like Gecko) Chrome/97.0.4692.99 Safari/537.36"
::1 - - [10/Feb/2022:08:42:15 +0000] "GET /asdasd HTTP/1.1" 500 184 "-" "Mozilla/5.0 (Windows NT 10.0; Win64; x64) AppleWebKit/537.36 (KHTML, like Gecko) Chrome/97.0.4692.99 Safari/537.36"
::1 - - [10/Feb/2022:08:42:16 +0000] "GET /asdasd HTTP/1.1" 500 184 "-" "Mozilla/5.0 (Windows NT 10.0; Win64; x64) AppleWebKit/537.36 (KHTML, like Gecko) Chrome/97.0.4692.99 Safari/537.36"
::1 - - [10/Feb/2022:08:42:17 +0000] "GET /asdasd HTTP/1.1" 500 184 "-" "Mozilla/5.0 (Windows NT 10.0; Win64; x64) AppleWebKit/537.36 (KHTML, like Gecko) Chrome/97.0.4692.99 Safari/537.36"
::1 - - [10/Feb/2022:08:42:17 +0000] "GET /asdasd HTTP/1.1" 500 184 "-" "Mozilla/5.0 (Windows NT 10.0; Win64; x64) AppleWebKit/537.36 (KHTML, like Gecko) Chrome/97.0.4692.99 Safari/537.36"
::1 - - [10/Feb/2022:08:42:17 +0000] "GET /asdasd HTTP/1.1" 500 184 "-" "Mozilla/5.0 (Windows NT 10.0; Win64; x64) AppleWebKit/537.36 (KHTML, like Gecko) Chrome/97.0.4692.99 Safari/537.36"
::1 - - [10/Feb/2022:08:42:17 +0000] "GET /asdasd HTTP/1.1" 500 184 "-" "Mozilla/5.0 (Windows NT 10.0; Win64; x64) AppleWebKit/537.36 (KHTML, like Gecko) Chrome/97.0.4692.99 Safari/537.36"
::1 - - [10/Feb/2022:08:42:18 +0000] "GET /asdasd HTTP/1.1" 500 184 "-" "Mozilla/5.0 (Windows NT 10.0; Win64; x64) AppleWebKit/537.36 (KHTML, like Gecko) Chrome/97.0.4692.99 Safari/537.36"
::1 - - [10/Feb/2022:08:42:18 +0000] "GET /asdasd HTTP/1.1" 500 184 "-" "Mozilla/5.0 (Windows NT 10.0; Win64; x64) AppleWebKit/537.36 (KHTML, like Gecko) Chrome/97.0.4692.99 Safari/537.36"
::1 - - [10/Feb/2022:08:42:18 +0000] "GET /asdasd HTTP/1.1" 500 184 "-" "Mozilla/5.0 (Windows NT 10.0; Win64; x64) AppleWebKit/537.36 (KHTML, like Gecko) Chrome/97.0.4692.99 Safari/537.36"
::1 - - [10/Feb/2022:08:42:18 +0000] "GET /asdasd HTTP/1.1" 500 184 "-" "Mozilla/5.0 (Windows NT 10.0; Win64; x64) AppleWebKit/537.36 (KHTML, like Gecko) Chrome/97.0.4692.99 Safari/537.36"
::1 - - [10/Feb/2022:08:42:18 +0000] "GET /asdasd HTTP/1.1" 500 184 "-" "Mozilla/5.0 (Windows NT 10.0; Win64; x64) AppleWebKit/537.36 (KHTML, like Gecko) Chrome/97.0.4692.99 Safari/537.36"
::1 - - [10/Feb/2022:08:42:18 +0000] "GET /asdasd HTTP/1.1" 500 184 "-" "Mozilla/5.0 (Windows NT 10.0; Win64; x64) AppleWebKit/537.36 (KHTML, like Gecko) Chrome/97.0.4692.99 Safari/537.36"
::1 - - [10/Feb/2022:08:42:19 +0000] "GET /asdasd HTTP/1.1" 500 184 "-" "Mozilla/5.0 (Windows NT 10.0; Win64; x64) AppleWebKit/537.36 (KHTML, like Gecko) Chrome/97.0.4692.99 Safari/537.36"
::1 - - [10/Feb/2022:08:42:19 +0000] "GET /asdasd HTTP/1.1" 500 184 "-" "Mozilla/5.0 (Windows NT 10.0; Win64; x64) AppleWebKit/537.36 (KHTML, like Gecko) Chrome/97.0.4692.99 Safari/537.36"
::1 - - [10/Feb/2022:08:42:19 +0000] "GET /asdasd HTTP/1.1" 500 184 "-" "Mozilla/5.0 (Windows NT 10.0; Win64; x64) AppleWebKit/537.36 (KHTML, like Gecko) Chrome/97.0.4692.99 Safari/537.36"
::1 - - [10/Feb/2022:08:42:37 +0000] "GET /asdasd HTTP/1.1" 500 184 "-" "Mozilla/5.0 (Windows NT 10.0; Win64; x64) AppleWebKit/537.36 (KHTML, like Gecko) Chrome/97.0.4692.99 Safari/537.36"
::1 - - [10/Feb/2022:08:42:38 +0000] "GET /asdasd HTTP/1.1" 500 184 "-" "Mozilla/5.0 (Windows NT 10.0; Win64; x64) AppleWebKit/537.36 (KHTML, like Gecko) Chrome/97.0.4692.99 Safari/537.36"
::1 - - [10/Feb/2022:08:42:38 +0000] "GET /asdasd HTTP/1.1" 500 184 "-" "Mozilla/5.0 (Windows NT 10.0; Win64; x64) AppleWebKit/537.36 (KHTML, like Gecko) Chrome/97.0.4692.99 Safari/537.36"
::1 - - [10/Feb/2022:08:42:39 +0000] "GET /asdasd HTTP/1.1" 500 184 "-" "Mozilla/5.0 (Windows NT 10.0; Win64; x64) AppleWebKit/537.36 (KHTML, like Gecko) Chrome/97.0.4692.99 Safari/537.36"
::1 - - [10/Feb/2022:08:42:39 +0000] "GET /asdasd HTTP/1.1" 500 184 "-" "Mozilla/5.0 (Windows NT 10.0; Win64; x64) AppleWebKit/537.36 (KHTML, like Gecko) Chrome/97.0.4692.99 Safari/537.36"
::1 - - [10/Feb/2022:08:42:39 +0000] "GET /asdasd HTTP/1.1" 500 184 "-" "Mozilla/5.0 (Windows NT 10.0; Win64; x64) AppleWebKit/537.36 (KHTML, like Gecko) Chrome/97.0.4692.99 Safari/537.36"
::1 - - [10/Feb/2022:08:42:43 +0000] "GET / HTTP/1.1" 500 178 "-" "Mozilla/5.0 (Windows NT 10.0; Win64; x64) AppleWebKit/537.36 (KHTML, like Gecko) Chrome/97.0.4692.99 Safari/537.36"
::1 - - [10/Feb/2022:08:42:46 +0000] "GET / HTTP/1.1" 500 178 "-" "Mozilla/5.0 (Windows NT 10.0; Win64; x64) AppleWebKit/537.36 (KHTML, like Gecko) Chrome/97.0.4692.99 Safari/537.36"
::1 - - [10/Feb/2022:08:43:32 +0000] "GET / HTTP/1.1" 500 178 "-" "Mozilla/5.0 (Windows NT 10.0; Win64; x64) AppleWebKit/537.36 (KHTML, like Gecko) Chrome/97.0.4692.99 Safari/537.36"
::1 - - [10/Feb/2022:08:43:41 +0000] "GET / HTTP/1.1" 500 178 "-" "Mozilla/5.0 (Windows NT 10.0; Win64; x64) AppleWebKit/537.36 (KHTML, like Gecko) Chrome/97.0.4692.99 Safari/537.36"
::1 - - [10/Feb/2022:08:43:42 +0000] "GET / HTTP/1.1" 500 178 "-" "Mozilla/5.0 (Windows NT 10.0; Win64; x64) AppleWebKit/537.36 (KHTML, like Gecko) Chrome/97.0.4692.99 Safari/537.36"
::1 - - [10/Feb/2022:08:43:42 +0000] "GET / HTTP/1.1" 500 178 "-" "Mozilla/5.0 (Windows NT 10.0; Win64; x64) AppleWebKit/537.36 (KHTML, like Gecko) Chrome/97.0.4692.99 Safari/537.36"
::1 - - [10/Feb/2022:08:43:42 +0000] "GET / HTTP/1.1" 500 178 "-" "Mozilla/5.0 (Windows NT 10.0; Win64; x64) AppleWebKit/537.36 (KHTML, like Gecko) Chrome/97.0.4692.99 Safari/537.36"
::1 - - [10/Feb/2022:08:43:43 +0000] "GET / HTTP/1.1" 500 178 "-" "Mozilla/5.0 (Windows NT 10.0; Win64; x64) AppleWebKit/537.36 (KHTML, like Gecko) Chrome/97.0.4692.99 Safari/537.36"
::1 - - [10/Feb/2022:08:43:43 +0000] "GET / HTTP/1.1" 500 178 "-" "Mozilla/5.0 (Windows NT 10.0; Win64; x64) AppleWebKit/537.36 (KHTML, like Gecko) Chrome/97.0.4692.99 Safari/537.36"
::1 - - [10/Feb/2022:08:43:43 +0000] "GET / HTTP/1.1" 500 178 "-" "Mozilla/5.0 (Windows NT 10.0; Win64; x64) AppleWebKit/537.36 (KHTML, like Gecko) Chrome/97.0.4692.99 Safari/537.36"
::1 - - [10/Feb/2022:08:43:43 +0000] "GET / HTTP/1.1" 500 178 "-" "Mozilla/5.0 (Windows NT 10.0; Win64; x64) AppleWebKit/537.36 (KHTML, like Gecko) Chrome/97.0.4692.99 Safari/537.36"
::1 - - [10/Feb/2022:08:43:44 +0000] "GET / HTTP/1.1" 500 178 "-" "Mozilla/5.0 (Windows NT 10.0; Win64; x64) AppleWebKit/537.36 (KHTML, like Gecko) Chrome/97.0.4692.99 Safari/537.36"
::1 - - [10/Feb/2022:08:44:15 +0000] "GET / HTTP/1.1" 500 178 "-" "Mozilla/5.0 (Windows NT 10.0; Win64; x64) AppleWebKit/537.36 (KHTML, like Gecko) Chrome/97.0.4692.99 Safari/537.36"
::1 - - [10/Feb/2022:08:44:15 +0000] "GET / HTTP/1.1" 500 178 "-" "Mozilla/5.0 (Windows NT 10.0; Win64; x64) AppleWebKit/537.36 (KHTML, like Gecko) Chrome/97.0.4692.99 Safari/537.36"
::1 - - [10/Feb/2022:08:44:16 +0000] "GET / HTTP/1.1" 500 178 "-" "Mozilla/5.0 (Windows NT 10.0; Win64; x64) AppleWebKit/537.36 (KHTML, like Gecko) Chrome/97.0.4692.99 Safari/537.36"
::1 - - [10/Feb/2022:08:44:16 +0000] "GET / HTTP/1.1" 500 178 "-" "Mozilla/5.0 (Windows NT 10.0; Win64; x64) AppleWebKit/537.36 (KHTML, like Gecko) Chrome/97.0.4692.99 Safari/537.36"
::1 - - [10/Feb/2022:08:44:16 +0000] "GET / HTTP/1.1" 500 178 "-" "Mozilla/5.0 (Windows NT 10.0; Win64; x64) AppleWebKit/537.36 (KHTML, like Gecko) Chrome/97.0.4692.99 Safari/537.36"
::1 - - [10/Feb/2022:08:44:16 +0000] "GET / HTTP/1.1" 500 178 "-" "Mozilla/5.0 (Windows NT 10.0; Win64; x64) AppleWebKit/537.36 (KHTML, like Gecko) Chrome/97.0.4692.99 Safari/537.36"
::1 - - [10/Feb/2022:08:44:16 +0000] "GET / HTTP/1.1" 500 178 "-" "Mozilla/5.0 (Windows NT 10.0; Win64; x64) AppleWebKit/537.36 (KHTML, like Gecko) Chrome/97.0.4692.99 Safari/537.36"
::1 - - [10/Feb/2022:08:44:20 +0000] "GET / HTTP/1.1" 500 178 "-" "Mozilla/5.0 (Windows NT 10.0; Win64; x64) AppleWebKit/537.36 (KHTML, like Gecko) Chrome/97.0.4692.99 Safari/537.36"
::1 - - [10/Feb/2022:08:45:01 +0000] "GET / HTTP/1.1" 500 184 "-" "Mozilla/5.0 (Windows NT 10.0; Win64; x64) AppleWebKit/537.36 (KHTML, like Gecko) Chrome/97.0.4692.99 Safari/537.36"
::1 - - [10/Feb/2022:08:45:01 +0000] "GET /favicon.ico HTTP/1.1" 500 195 "http://localhost:8000/" "Mozilla/5.0 (Windows NT 10.0; Win64; x64) AppleWebKit/537.36 (KHTML, like Gecko) Chrome/97.0.4692.99 Safari/537.36"
::1 - - [10/Feb/2022:08:45:01 +0000] "GET / HTTP/1.1" 500 184 "-" "Mozilla/5.0 (Windows NT 10.0; Win64; x64) AppleWebKit/537.36 (KHTML, like Gecko) Chrome/97.0.4692.99 Safari/537.36"
::1 - - [10/Feb/2022:08:45:01 +0000] "GET /favicon.ico HTTP/1.1" 500 195 "http://localhost:8000/" "Mozilla/5.0 (Windows NT 10.0; Win64; x64) AppleWebKit/537.36 (KHTML, like Gecko) Chrome/97.0.4692.99 Safari/537.36"
::1 - - [10/Feb/2022:08:45:01 +0000] "GET / HTTP/1.1" 500 184 "-" "Mozilla/5.0 (Windows NT 10.0; Win64; x64) AppleWebKit/537.36 (KHTML, like Gecko) Chrome/97.0.4692.99 Safari/537.36"
::1 - - [10/Feb/2022:08:45:02 +0000] "GET /favicon.ico HTTP/1.1" 500 195 "http://localhost:8000/" "Mozilla/5.0 (Windows NT 10.0; Win64; x64) AppleWebKit/537.36 (KHTML, like Gecko) Chrome/97.0.4692.99 Safari/537.36"
::1 - - [10/Feb/2022:08:45:02 +0000] "GET / HTTP/1.1" 500 184 "-" "Mozilla/5.0 (Windows NT 10.0; Win64; x64) AppleWebKit/537.36 (KHTML, like Gecko) Chrome/97.0.4692.99 Safari/537.36"
::1 - - [10/Feb/2022:08:45:02 +0000] "GET /favicon.ico HTTP/1.1" 500 195 "http://localhost:8000/" "Mozilla/5.0 (Windows NT 10.0; Win64; x64) AppleWebKit/537.36 (KHTML, like Gecko) Chrome/97.0.4692.99 Safari/537.36"
::1 - - [10/Feb/2022:08:45:02 +0000] "GET / HTTP/1.1" 500 184 "-" "Mozilla/5.0 (Windows NT 10.0; Win64; x64) AppleWebKit/537.36 (KHTML, like Gecko) Chrome/97.0.4692.99 Safari/537.36"
::1 - - [10/Feb/2022:08:45:02 +0000] "GET /favicon.ico HTTP/1.1" 500 195 "http://localhost:8000/" "Mozilla/5.0 (Windows NT 10.0; Win64; x64) AppleWebKit/537.36 (KHTML, like Gecko) Chrome/97.0.4692.99 Safari/537.36"
::1 - - [10/Feb/2022:08:45:02 +0000] "GET / HTTP/1.1" 500 184 "-" "Mozilla/5.0 (Windows NT 10.0; Win64; x64) AppleWebKit/537.36 (KHTML, like Gecko) Chrome/97.0.4692.99 Safari/537.36"
::1 - - [10/Feb/2022:08:45:03 +0000] "GET /favicon.ico HTTP/1.1" 500 195 "http://localhost:8000/" "Mozilla/5.0 (Windows NT 10.0; Win64; x64) AppleWebKit/537.36 (KHTML, like Gecko) Chrome/97.0.4692.99 Safari/537.36"
::1 - - [10/Feb/2022:08:45:03 +0000] "GET / HTTP/1.1" 500 184 "-" "Mozilla/5.0 (Windows NT 10.0; Win64; x64) AppleWebKit/537.36 (KHTML, like Gecko) Chrome/97.0.4692.99 Safari/537.36"
::1 - - [10/Feb/2022:08:45:03 +0000] "GET /favicon.ico HTTP/1.1" 500 195 "http://localhost:8000/" "Mozilla/5.0 (Windows NT 10.0; Win64; x64) AppleWebKit/537.36 (KHTML, like Gecko) Chrome/97.0.4692.99 Safari/537.36"
::1 - - [10/Feb/2022:08:45:03 +0000] "GET / HTTP/1.1" 500 184 "-" "Mozilla/5.0 (Windows NT 10.0; Win64; x64) AppleWebKit/537.36 (KHTML, like Gecko) Chrome/97.0.4692.99 Safari/537.36"
::1 - - [10/Feb/2022:08:45:03 +0000] "GET /favicon.ico HTTP/1.1" 500 195 "http://localhost:8000/" "Mozilla/5.0 (Windows NT 10.0; Win64; x64) AppleWebKit/537.36 (KHTML, like Gecko) Chrome/97.0.4692.99 Safari/537.36"
::1 - - [10/Feb/2022:08:45:03 +0000] "GET / HTTP/1.1" 500 184 "-" "Mozilla/5.0 (Windows NT 10.0; Win64; x64) AppleWebKit/537.36 (KHTML, like Gecko) Chrome/97.0.4692.99 Safari/537.36"
::1 - - [10/Feb/2022:08:45:03 +0000] "GET /favicon.ico HTTP/1.1" 500 195 "http://localhost:8000/" "Mozilla/5.0 (Windows NT 10.0; Win64; x64) AppleWebKit/537.36 (KHTML, like Gecko) Chrome/97.0.4692.99 Safari/537.36"
::1 - - [10/Feb/2022:08:45:03 +0000] "GET / HTTP/1.1" 500 184 "-" "Mozilla/5.0 (Windows NT 10.0; Win64; x64) AppleWebKit/537.36 (KHTML, like Gecko) Chrome/97.0.4692.99 Safari/537.36"
::1 - - [10/Feb/2022:08:45:03 +0000] "GET /favicon.ico HTTP/1.1" 500 195 "http://localhost:8000/" "Mozilla/5.0 (Windows NT 10.0; Win64; x64) AppleWebKit/537.36 (KHTML, like Gecko) Chrome/97.0.4692.99 Safari/537.36"
::1 - - [10/Feb/2022:08:45:04 +0000] "GET / HTTP/1.1" 500 184 "-" "Mozilla/5.0 (Windows NT 10.0; Win64; x64) AppleWebKit/537.36 (KHTML, like Gecko) Chrome/97.0.4692.99 Safari/537.36"
::1 - - [10/Feb/2022:08:45:04 +0000] "GET /favicon.ico HTTP/1.1" 500 195 "http://localhost:8000/" "Mozilla/5.0 (Windows NT 10.0; Win64; x64) AppleWebKit/537.36 (KHTML, like Gecko) Chrome/97.0.4692.99 Safari/537.36"
::1 - - [10/Feb/2022:08:45:04 +0000] "GET / HTTP/1.1" 500 184 "-" "Mozilla/5.0 (Windows NT 10.0; Win64; x64) AppleWebKit/537.36 (KHTML, like Gecko) Chrome/97.0.4692.99 Safari/537.36"
::1 - - [10/Feb/2022:08:45:04 +0000] "GET /favicon.ico HTTP/1.1" 500 195 "http://localhost:8000/" "Mozilla/5.0 (Windows NT 10.0; Win64; x64) AppleWebKit/537.36 (KHTML, like Gecko) Chrome/97.0.4692.99 Safari/537.36"
::1 - - [10/Feb/2022:08:45:04 +0000] "GET / HTTP/1.1" 500 184 "-" "Mozilla/5.0 (Windows NT 10.0; Win64; x64) AppleWebKit/537.36 (KHTML, like Gecko) Chrome/97.0.4692.99 Safari/537.36"
::1 - - [10/Feb/2022:08:45:04 +0000] "GET /favicon.ico HTTP/1.1" 500 195 "http://localhost:8000/" "Mozilla/5.0 (Windows NT 10.0; Win64; x64) AppleWebKit/537.36 (KHTML, like Gecko) Chrome/97.0.4692.99 Safari/537.36"
::1 - - [10/Feb/2022:08:45:04 +0000] "GET / HTTP/1.1" 500 184 "-" "Mozilla/5.0 (Windows NT 10.0; Win64; x64) AppleWebKit/537.36 (KHTML, like Gecko) Chrome/97.0.4692.99 Safari/537.36"
::1 - - [10/Feb/2022:08:45:04 +0000] "GET /favicon.ico HTTP/1.1" 500 195 "http://localhost:8000/" "Mozilla/5.0 (Windows NT 10.0; Win64; x64) AppleWebKit/537.36 (KHTML, like Gecko) Chrome/97.0.4692.99 Safari/537.36"
::1 - - [10/Feb/2022:08:45:05 +0000] "GET / HTTP/1.1" 500 184 "-" "Mozilla/5.0 (Windows NT 10.0; Win64; x64) AppleWebKit/537.36 (KHTML, like Gecko) Chrome/97.0.4692.99 Safari/537.36"
::1 - - [10/Feb/2022:08:45:05 +0000] "GET /favicon.ico HTTP/1.1" 500 195 "http://localhost:8000/" "Mozilla/5.0 (Windows NT 10.0; Win64; x64) AppleWebKit/537.36 (KHTML, like Gecko) Chrome/97.0.4692.99 Safari/537.36"
::1 - - [10/Feb/2022:08:45:05 +0000] "GET / HTTP/1.1" 500 184 "-" "Mozilla/5.0 (Windows NT 10.0; Win64; x64) AppleWebKit/537.36 (KHTML, like Gecko) Chrome/97.0.4692.99 Safari/537.36"
::1 - - [10/Feb/2022:08:45:05 +0000] "GET /favicon.ico HTTP/1.1" 500 195 "http://localhost:8000/" "Mozilla/5.0 (Windows NT 10.0; Win64; x64) AppleWebKit/537.36 (KHTML, like Gecko) Chrome/97.0.4692.99 Safari/537.36"
::1 - - [10/Feb/2022:08:45:05 +0000] "GET / HTTP/1.1" 500 184 "-" "Mozilla/5.0 (Windows NT 10.0; Win64; x64) AppleWebKit/537.36 (KHTML, like Gecko) Chrome/97.0.4692.99 Safari/537.36"
::1 - - [10/Feb/2022:08:45:05 +0000] "GET /favicon.ico HTTP/1.1" 500 195 "http://localhost:8000/" "Mozilla/5.0 (Windows NT 10.0; Win64; x64) AppleWebKit/537.36 (KHTML, like Gecko) Chrome/97.0.4692.99 Safari/537.36"
::1 - - [10/Feb/2022:08:45:05 +0000] "GET / HTTP/1.1" 500 184 "-" "Mozilla/5.0 (Windows NT 10.0; Win64; x64) AppleWebKit/537.36 (KHTML, like Gecko) Chrome/97.0.4692.99 Safari/537.36"
::1 - - [10/Feb/2022:08:45:05 +0000] "GET /favicon.ico HTTP/1.1" 500 195 "http://localhost:8000/" "Mozilla/5.0 (Windows NT 10.0; Win64; x64) AppleWebKit/537.36 (KHTML, like Gecko) Chrome/97.0.4692.99 Safari/537.36"
::1 - - [10/Feb/2022:08:45:06 +0000] "GET / HTTP/1.1" 500 184 "-" "Mozilla/5.0 (Windows NT 10.0; Win64; x64) AppleWebKit/537.36 (KHTML, like Gecko) Chrome/97.0.4692.99 Safari/537.36"
::1 - - [10/Feb/2022:08:45:06 +0000] "GET /favicon.ico HTTP/1.1" 500 195 "http://localhost:8000/" "Mozilla/5.0 (Windows NT 10.0; Win64; x64) AppleWebKit/537.36 (KHTML, like Gecko) Chrome/97.0.4692.99 Safari/537.36"
::1 - - [10/Feb/2022:08:50:29 +0000] "GET / HTTP/1.1" 200 273 "-" "Mozilla/5.0 (Windows NT 10.0; Win64; x64) AppleWebKit/537.36 (KHTML, like Gecko) Chrome/97.0.4692.99 Safari/537.36"
::1 - - [10/Feb/2022:08:50:29 +0000] "GET /favicon.ico HTTP/1.1" 200 273 "http://localhost:8000/" "Mozilla/5.0 (Windows NT 10.0; Win64; x64) AppleWebKit/537.36 (KHTML, like Gecko) Chrome/97.0.4692.99 Safari/537.36"
::1 - - [10/Feb/2022:08:50:53 +0000] "GET /asd.html HTTP/1.1" 404 62 "-" "Mozilla/5.0 (Windows NT 10.0; Win64; x64) AppleWebKit/537.36 (KHTML, like Gecko) Chrome/97.0.4692.99 Safari/537.36"
::1 - - [10/Feb/2022:08:50:53 +0000] "GET /favicon.ico HTTP/1.1" 404 65 "http://localhost:8000/asd.html" "Mozilla/5.0 (Windows NT 10.0; Win64; x64) AppleWebKit/537.36 (KHTML, like Gecko) Chrome/97.0.4692.99 Safari/537.36"
::1 - - [10/Feb/2022:08:50:58 +0000] "GET /asd HTTP/1.1" 200 273 "-" "Mozilla/5.0 (Windows NT 10.0; Win64; x64) AppleWebKit/537.36 (KHTML, like Gecko) Chrome/97.0.4692.99 Safari/537.36"
::1 - - [10/Feb/2022:08:51:40 +0000] "GET /asd HTTP/1.1" 404 57 "-" "Mozilla/5.0 (Windows NT 10.0; Win64; x64) AppleWebKit/537.36 (KHTML, like Gecko) Chrome/97.0.4692.99 Safari/537.36"
::1 - - [10/Feb/2022:08:51:41 +0000] "GET /asd HTTP/1.1" 404 57 "-" "Mozilla/5.0 (Windows NT 10.0; Win64; x64) AppleWebKit/537.36 (KHTML, like Gecko) Chrome/97.0.4692.99 Safari/537.36"
::1 - - [10/Feb/2022:08:51:41 +0000] "GET /asd HTTP/1.1" 404 57 "-" "Mozilla/5.0 (Windows NT 10.0; Win64; x64) AppleWebKit/537.36 (KHTML, like Gecko) Chrome/97.0.4692.99 Safari/537.36"
::1 - - [10/Feb/2022:08:51:41 +0000] "GET /asd HTTP/1.1" 404 57 "-" "Mozilla/5.0 (Windows NT 10.0; Win64; x64) AppleWebKit/537.36 (KHTML, like Gecko) Chrome/97.0.4692.99 Safari/537.36"
::1 - - [10/Feb/2022:08:51:42 +0000] "GET /asd HTTP/1.1" 404 57 "-" "Mozilla/5.0 (Windows NT 10.0; Win64; x64) AppleWebKit/537.36 (KHTML, like Gecko) Chrome/97.0.4692.99 Safari/537.36"
::1 - - [10/Feb/2022:08:51:42 +0000] "GET /asd HTTP/1.1" 404 57 "-" "Mozilla/5.0 (Windows NT 10.0; Win64; x64) AppleWebKit/537.36 (KHTML, like Gecko) Chrome/97.0.4692.99 Safari/537.36"
::1 - - [10/Feb/2022:08:52:24 +0000] "GET /asd123 HTTP/1.1" 500 170 "-" "Mozilla/5.0 (Windows NT 10.0; Win64; x64) AppleWebKit/537.36 (KHTML, like Gecko) Chrome/97.0.4692.99 Safari/537.36"
::1 - - [10/Feb/2022:08:53:58 +0000] "GET /asd123 HTTP/1.1" 200 273 "-" "Mozilla/5.0 (Windows NT 10.0; Win64; x64) AppleWebKit/537.36 (KHTML, like Gecko) Chrome/97.0.4692.99 Safari/537.36"
::1 - - [10/Feb/2022:08:53:59 +0000] "GET /asd123 HTTP/1.1" 200 273 "-" "Mozilla/5.0 (Windows NT 10.0; Win64; x64) AppleWebKit/537.36 (KHTML, like Gecko) Chrome/97.0.4692.99 Safari/537.36"
::1 - - [10/Feb/2022:08:53:59 +0000] "GET /asd123 HTTP/1.1" 200 273 "-" "Mozilla/5.0 (Windows NT 10.0; Win64; x64) AppleWebKit/537.36 (KHTML, like Gecko) Chrome/97.0.4692.99 Safari/537.36"
::1 - - [10/Feb/2022:08:53:59 +0000] "GET /asd123 HTTP/1.1" 200 273 "-" "Mozilla/5.0 (Windows NT 10.0; Win64; x64) AppleWebKit/537.36 (KHTML, like Gecko) Chrome/97.0.4692.99 Safari/537.36"
::1 - - [10/Feb/2022:08:54:00 +0000] "GET /asd123 HTTP/1.1" 200 273 "-" "Mozilla/5.0 (Windows NT 10.0; Win64; x64) AppleWebKit/537.36 (KHTML, like Gecko) Chrome/97.0.4692.99 Safari/537.36"
::1 - - [10/Feb/2022:08:54:00 +0000] "GET /asd123 HTTP/1.1" 200 273 "-" "Mozilla/5.0 (Windows NT 10.0; Win64; x64) AppleWebKit/537.36 (KHTML, like Gecko) Chrome/97.0.4692.99 Safari/537.36"
::1 - - [10/Feb/2022:08:54:11 +0000] "GET /asd123 HTTP/1.1" 200 273 "-" "Mozilla/5.0 (Windows NT 10.0; Win64; x64) AppleWebKit/537.36 (KHTML, like Gecko) Chrome/97.0.4692.99 Safari/537.36"
::1 - - [10/Feb/2022:08:54:12 +0000] "GET /asd123 HTTP/1.1" 200 273 "-" "Mozilla/5.0 (Windows NT 10.0; Win64; x64) AppleWebKit/537.36 (KHTML, like Gecko) Chrome/97.0.4692.99 Safari/537.36"
::1 - - [10/Feb/2022:08:54:12 +0000] "GET /asd123 HTTP/1.1" 200 273 "-" "Mozilla/5.0 (Windows NT 10.0; Win64; x64) AppleWebKit/537.36 (KHTML, like Gecko) Chrome/97.0.4692.99 Safari/537.36"
::1 - - [10/Feb/2022:08:54:13 +0000] "GET /asd123 HTTP/1.1" 200 273 "-" "Mozilla/5.0 (Windows NT 10.0; Win64; x64) AppleWebKit/537.36 (KHTML, like Gecko) Chrome/97.0.4692.99 Safari/537.36"
::1 - - [10/Feb/2022:08:54:13 +0000] "GET /asd123 HTTP/1.1" 200 273 "-" "Mozilla/5.0 (Windows NT 10.0; Win64; x64) AppleWebKit/537.36 (KHTML, like Gecko) Chrome/97.0.4692.99 Safari/537.36"
::1 - - [10/Feb/2022:08:54:14 +0000] "GET /asd123 HTTP/1.1" 200 273 "-" "Mozilla/5.0 (Windows NT 10.0; Win64; x64) AppleWebKit/537.36 (KHTML, like Gecko) Chrome/97.0.4692.99 Safari/537.36"
::1 - - [10/Feb/2022:08:54:14 +0000] "GET /asd123 HTTP/1.1" 200 273 "-" "Mozilla/5.0 (Windows NT 10.0; Win64; x64) AppleWebKit/537.36 (KHTML, like Gecko) Chrome/97.0.4692.99 Safari/537.36"
::1 - - [10/Feb/2022:08:54:14 +0000] "GET /asd123 HTTP/1.1" 200 273 "-" "Mozilla/5.0 (Windows NT 10.0; Win64; x64) AppleWebKit/537.36 (KHTML, like Gecko) Chrome/97.0.4692.99 Safari/537.36"
::1 - - [10/Feb/2022:08:54:14 +0000] "GET /asd123 HTTP/1.1" 200 273 "-" "Mozilla/5.0 (Windows NT 10.0; Win64; x64) AppleWebKit/537.36 (KHTML, like Gecko) Chrome/97.0.4692.99 Safari/537.36"
::1 - - [10/Feb/2022:08:54:15 +0000] "GET /asd123 HTTP/1.1" 200 273 "-" "Mozilla/5.0 (Windows NT 10.0; Win64; x64) AppleWebKit/537.36 (KHTML, like Gecko) Chrome/97.0.4692.99 Safari/537.36"
::1 - - [10/Feb/2022:08:54:15 +0000] "GET /asd123 HTTP/1.1" 200 273 "-" "Mozilla/5.0 (Windows NT 10.0; Win64; x64) AppleWebKit/537.36 (KHTML, like Gecko) Chrome/97.0.4692.99 Safari/537.36"
::1 - - [10/Feb/2022:08:54:15 +0000] "GET /asd123 HTTP/1.1" 200 273 "-" "Mozilla/5.0 (Windows NT 10.0; Win64; x64) AppleWebKit/537.36 (KHTML, like Gecko) Chrome/97.0.4692.99 Safari/537.36"
::1 - - [10/Feb/2022:08:54:15 +0000] "GET /asd123 HTTP/1.1" 200 273 "-" "Mozilla/5.0 (Windows NT 10.0; Win64; x64) AppleWebKit/537.36 (KHTML, like Gecko) Chrome/97.0.4692.99 Safari/537.36"
::1 - - [10/Feb/2022:09:04:44 +0000] "GET /asd123 HTTP/1.1" 200 273 "-" "Mozilla/5.0 (Windows NT 10.0; Win64; x64) AppleWebKit/537.36 (KHTML, like Gecko) Chrome/97.0.4692.99 Safari/537.36"
::1 - - [10/Feb/2022:09:04:45 +0000] "GET /asd123 HTTP/1.1" 200 273 "-" "Mozilla/5.0 (Windows NT 10.0; Win64; x64) AppleWebKit/537.36 (KHTML, like Gecko) Chrome/97.0.4692.99 Safari/537.36"
::1 - - [10/Feb/2022:09:04:45 +0000] "GET /asd123 HTTP/1.1" 200 273 "-" "Mozilla/5.0 (Windows NT 10.0; Win64; x64) AppleWebKit/537.36 (KHTML, like Gecko) Chrome/97.0.4692.99 Safari/537.36"
::1 - - [10/Feb/2022:09:04:45 +0000] "GET /asd123 HTTP/1.1" 200 273 "-" "Mozilla/5.0 (Windows NT 10.0; Win64; x64) AppleWebKit/537.36 (KHTML, like Gecko) Chrome/97.0.4692.99 Safari/537.36"
::1 - - [10/Feb/2022:09:05:30 +0000] "GET /insertArticle HTTP/1.1" 200 3483 "-" "Mozilla/5.0 (Windows NT 10.0; Win64; x64) AppleWebKit/537.36 (KHTML, like Gecko) Chrome/97.0.4692.99 Safari/537.36"
::1 - - [10/Feb/2022:09:05:30 +0000] "GET /css/bootstrap.min.css HTTP/1.1" 404 75 "http://localhost:8000/insertArticle" "Mozilla/5.0 (Windows NT 10.0; Win64; x64) AppleWebKit/537.36 (KHTML, like Gecko) Chrome/97.0.4692.99 Safari/537.36"
::1 - - [10/Feb/2022:09:05:30 +0000] "GET /css/insertArticle.css HTTP/1.1" 404 75 "http://localhost:8000/insertArticle" "Mozilla/5.0 (Windows NT 10.0; Win64; x64) AppleWebKit/537.36 (KHTML, like Gecko) Chrome/97.0.4692.99 Safari/537.36"
::1 - - [10/Feb/2022:09:05:30 +0000] "GET /js/jquery-3.6.0.min.js HTTP/1.1" 404 76 "http://localhost:8000/insertArticle" "Mozilla/5.0 (Windows NT 10.0; Win64; x64) AppleWebKit/537.36 (KHTML, like Gecko) Chrome/97.0.4692.99 Safari/537.36"
::1 - - [10/Feb/2022:09:05:30 +0000] "GET /js/bootstrap.min.js HTTP/1.1" 404 73 "http://localhost:8000/insertArticle" "Mozilla/5.0 (Windows NT 10.0; Win64; x64) AppleWebKit/537.36 (KHTML, like Gecko) Chrome/97.0.4692.99 Safari/537.36"
::1 - - [10/Feb/2022:09:05:30 +0000] "GET /lib/ckeditor5-32.0.0-6n1slnhv87v9/build/ckeditor.js HTTP/1.1" 404 105 "http://localhost:8000/insertArticle" "Mozilla/5.0 (Windows NT 10.0; Win64; x64) AppleWebKit/537.36 (KHTML, like Gecko) Chrome/97.0.4692.99 Safari/537.36"
::1 - - [10/Feb/2022:09:05:30 +0000] "GET /css/insertArticle.css HTTP/1.1" 404 75 "http://localhost:8000/insertArticle" "Mozilla/5.0 (Windows NT 10.0; Win64; x64) AppleWebKit/537.36 (KHTML, like Gecko) Chrome/97.0.4692.99 Safari/537.36"
::1 - - [10/Feb/2022:09:05:30 +0000] "GET /js/jquery-3.6.0.min.js HTTP/1.1" 404 76 "http://localhost:8000/insertArticle" "Mozilla/5.0 (Windows NT 10.0; Win64; x64) AppleWebKit/537.36 (KHTML, like Gecko) Chrome/97.0.4692.99 Safari/537.36"
::1 - - [10/Feb/2022:09:05:30 +0000] "GET /js/bootstrap.min.js HTTP/1.1" 404 73 "http://localhost:8000/insertArticle" "Mozilla/5.0 (Windows NT 10.0; Win64; x64) AppleWebKit/537.36 (KHTML, like Gecko) Chrome/97.0.4692.99 Safari/537.36"
::1 - - [10/Feb/2022:09:05:30 +0000] "GET /lib/ckeditor5-32.0.0-6n1slnhv87v9/build/ckeditor.js HTTP/1.1" 404 105 "http://localhost:8000/insertArticle" "Mozilla/5.0 (Windows NT 10.0; Win64; x64) AppleWebKit/537.36 (KHTML, like Gecko) Chrome/97.0.4692.99 Safari/537.36"
::1 - - [10/Feb/2022:09:06:13 +0000] "GET /insertArticle HTTP/1.1" 200 3483 "-" "Mozilla/5.0 (Windows NT 10.0; Win64; x64) AppleWebKit/537.36 (KHTML, like Gecko) Chrome/97.0.4692.99 Safari/537.36"
::1 - - [10/Feb/2022:09:08:09 +0000] "GET /insertArticle HTTP/1.1" 200 3483 "-" "Mozilla/5.0 (Windows NT 10.0; Win64; x64) AppleWebKit/537.36 (KHTML, like Gecko) Chrome/97.0.4692.99 Safari/537.36"
::1 - - [10/Feb/2022:09:10:41 +0000] "POST /insertArticle HTTP/1.1" 302 34 "http://localhost:8000/insertArticle" "Mozilla/5.0 (Windows NT 10.0; Win64; x64) AppleWebKit/537.36 (KHTML, like Gecko) Chrome/97.0.4692.99 Safari/537.36"
::1 - - [10/Feb/2022:09:10:41 +0000] "GET /articleList HTTP/1.1" 200 273 "http://localhost:8000/insertArticle" "Mozilla/5.0 (Windows NT 10.0; Win64; x64) AppleWebKit/537.36 (KHTML, like Gecko) Chrome/97.0.4692.99 Safari/537.36"
::1 - - [10/Feb/2022:09:11:43 +0000] "POST /insertArticle HTTP/1.1" 302 55 "http://localhost:8000/insertArticle" "Mozilla/5.0 (Windows NT 10.0; Win64; x64) AppleWebKit/537.36 (KHTML, like Gecko) Chrome/97.0.4692.99 Safari/537.36"
::1 - - [10/Feb/2022:09:11:43 +0000] "GET /articleList HTTP/1.1" 200 273 "http://localhost:8000/insertArticle" "Mozilla/5.0 (Windows NT 10.0; Win64; x64) AppleWebKit/537.36 (KHTML, like Gecko) Chrome/97.0.4692.99 Safari/537.36"
::1 - - [10/Feb/2022:09:12:28 +0000] "POST /insertArticle HTTP/1.1" 302 55 "http://localhost:8000/insertArticle" "Mozilla/5.0 (Windows NT 10.0; Win64; x64) AppleWebKit/537.36 (KHTML, like Gecko) Chrome/97.0.4692.99 Safari/537.36"
::1 - - [10/Feb/2022:09:12:28 +0000] "GET /articleList HTTP/1.1" 200 273 "http://localhost:8000/insertArticle" "Mozilla/5.0 (Windows NT 10.0; Win64; x64) AppleWebKit/537.36 (KHTML, like Gecko) Chrome/97.0.4692.99 Safari/537.36"
::1 - - [10/Feb/2022:09:19:48 +0000] "GET /insertArticle HTTP/1.1" 500 179 "-" "Mozilla/5.0 (Windows NT 10.0; Win64; x64) AppleWebKit/537.36 (KHTML, like Gecko) Chrome/97.0.4692.99 Safari/537.36"
::1 - - [10/Feb/2022:09:19:49 +0000] "GET /insertArticle HTTP/1.1" 500 179 "-" "Mozilla/5.0 (Windows NT 10.0; Win64; x64) AppleWebKit/537.36 (KHTML, like Gecko) Chrome/97.0.4692.99 Safari/537.36"
::1 - - [10/Feb/2022:09:20:06 +0000] "GET /insertArticle HTTP/1.1" 200 3483 "-" "Mozilla/5.0 (Windows NT 10.0; Win64; x64) AppleWebKit/537.36 (KHTML, like Gecko) Chrome/97.0.4692.99 Safari/537.36"
::1 - - [10/Feb/2022:09:23:01 +0000] "GET /insertArticle HTTP/1.1" 200 3483 "-" "Mozilla/5.0 (Windows NT 10.0; Win64; x64) AppleWebKit/537.36 (KHTML, like Gecko) Chrome/97.0.4692.99 Safari/537.36"
::1 - - [10/Feb/2022:09:23:07 +0000] "GET /insertArticle HTTP/1.1" 200 3483 "-" "Mozilla/5.0 (Windows NT 10.0; Win64; x64) AppleWebKit/537.36 (KHTML, like Gecko) Chrome/97.0.4692.99 Safari/537.36"
::1 - - [10/Feb/2022:09:23:08 +0000] "GET /insertArticle HTTP/1.1" 200 3483 "-" "Mozilla/5.0 (Windows NT 10.0; Win64; x64) AppleWebKit/537.36 (KHTML, like Gecko) Chrome/97.0.4692.99 Safari/537.36"
::1 - - [10/Feb/2022:09:23:09 +0000] "GET /insertArticle HTTP/1.1" 200 3483 "-" "Mozilla/5.0 (Windows NT 10.0; Win64; x64) AppleWebKit/537.36 (KHTML, like Gecko) Chrome/97.0.4692.99 Safari/537.36"
::1 - - [10/Feb/2022:09:23:11 +0000] "GET /asd123 HTTP/1.1" 404 60 "-" "Mozilla/5.0 (Windows NT 10.0; Win64; x64) AppleWebKit/537.36 (KHTML, like Gecko) Chrome/97.0.4692.99 Safari/537.36"
::1 - - [10/Feb/2022:09:23:38 +0000] "GET /articleList HTTP/1.1" 200 273 "-" "Mozilla/5.0 (Windows NT 10.0; Win64; x64) AppleWebKit/537.36 (KHTML, like Gecko) Chrome/97.0.4692.99 Safari/537.36"
::1 - - [10/Feb/2022:09:34:02 +0000] "GET /kkk HTTP/1.1" 200 24 "-" "Mozilla/5.0 (Windows NT 10.0; Win64; x64) AppleWebKit/537.36 (KHTML, like Gecko) Chrome/97.0.4692.99 Safari/537.36"
::1 - - [10/Feb/2022:09:34:33 +0000] "GET /kkk HTTP/1.1" 200 24 "-" "Mozilla/5.0 (Windows NT 10.0; Win64; x64) AppleWebKit/537.36 (KHTML, like Gecko) Chrome/97.0.4692.99 Safari/537.36"
::1 - - [10/Feb/2022:09:34:33 +0000] "GET /kkk HTTP/1.1" 200 24 "-" "Mozilla/5.0 (Windows NT 10.0; Win64; x64) AppleWebKit/537.36 (KHTML, like Gecko) Chrome/97.0.4692.99 Safari/537.36"
::1 - - [10/Feb/2022:09:34:33 +0000] "GET /kkk HTTP/1.1" 200 24 "-" "Mozilla/5.0 (Windows NT 10.0; Win64; x64) AppleWebKit/537.36 (KHTML, like Gecko) Chrome/97.0.4692.99 Safari/537.36"
::1 - - [10/Feb/2022:09:34:34 +0000] "GET /kkk HTTP/1.1" 200 24 "-" "Mozilla/5.0 (Windows NT 10.0; Win64; x64) AppleWebKit/537.36 (KHTML, like Gecko) Chrome/97.0.4692.99 Safari/537.36"
::1 - - [10/Feb/2022:09:34:34 +0000] "GET /kkk HTTP/1.1" 200 24 "-" "Mozilla/5.0 (Windows NT 10.0; Win64; x64) AppleWebKit/537.36 (KHTML, like Gecko) Chrome/97.0.4692.99 Safari/537.36"
::1 - - [10/Feb/2022:09:34:34 +0000] "GET /kkk HTTP/1.1" 200 24 "-" "Mozilla/5.0 (Windows NT 10.0; Win64; x64) AppleWebKit/537.36 (KHTML, like Gecko) Chrome/97.0.4692.99 Safari/537.36"
::1 - - [10/Feb/2022:09:34:34 +0000] "GET /kkk HTTP/1.1" 200 24 "-" "Mozilla/5.0 (Windows NT 10.0; Win64; x64) AppleWebKit/537.36 (KHTML, like Gecko) Chrome/97.0.4692.99 Safari/537.36"
::1 - - [10/Feb/2022:09:36:34 +0000] "GET /kkk HTTP/1.1" 500 71 "-" "Mozilla/5.0 (Windows NT 10.0; Win64; x64) AppleWebKit/537.36 (KHTML, like Gecko) Chrome/97.0.4692.99 Safari/537.36"
::1 - - [10/Feb/2022:09:38:45 +0000] "GET /kkk HTTP/1.1" 500 199 "-" "Mozilla/5.0 (Windows NT 10.0; Win64; x64) AppleWebKit/537.36 (KHTML, like Gecko) Chrome/97.0.4692.99 Safari/537.36"
::1 - - [10/Feb/2022:09:38:46 +0000] "GET /kkk HTTP/1.1" 500 199 "-" "Mozilla/5.0 (Windows NT 10.0; Win64; x64) AppleWebKit/537.36 (KHTML, like Gecko) Chrome/97.0.4692.99 Safari/537.36"
::1 - - [10/Feb/2022:09:39:06 +0000] "GET /kkk HTTP/1.1" 500 71 "-" "Mozilla/5.0 (Windows NT 10.0; Win64; x64) AppleWebKit/537.36 (KHTML, like Gecko) Chrome/97.0.4692.99 Safari/537.36"
::1 - - [10/Feb/2022:09:39:46 +0000] "GET /kkk HTTP/1.1" 500 71 "-" "Mozilla/5.0 (Windows NT 10.0; Win64; x64) AppleWebKit/537.36 (KHTML, like Gecko) Chrome/97.0.4692.99 Safari/537.36"
::1 - - [10/Feb/2022:09:39:48 +0000] "GET /kkk HTTP/1.1" 500 71 "-" "Mozilla/5.0 (Windows NT 10.0; Win64; x64) AppleWebKit/537.36 (KHTML, like Gecko) Chrome/97.0.4692.99 Safari/537.36"
::1 - - [10/Feb/2022:09:40:09 +0000] "GET /kkk HTTP/1.1" 500 71 "-" "Mozilla/5.0 (Windows NT 10.0; Win64; x64) AppleWebKit/537.36 (KHTML, like Gecko) Chrome/97.0.4692.99 Safari/537.36"
::1 - - [10/Feb/2022:09:40:11 +0000] "GET /kkk HTTP/1.1" 500 71 "-" "Mozilla/5.0 (Windows NT 10.0; Win64; x64) AppleWebKit/537.36 (KHTML, like Gecko) Chrome/97.0.4692.99 Safari/537.36"
::1 - - [10/Feb/2022:09:40:13 +0000] "GET /kkk HTTP/1.1" 500 71 "-" "Mozilla/5.0 (Windows NT 10.0; Win64; x64) AppleWebKit/537.36 (KHTML, like Gecko) Chrome/97.0.4692.99 Safari/537.36"
::1 - - [10/Feb/2022:09:41:01 +0000] "GET /kkk HTTP/1.1" 500 71 "-" "Mozilla/5.0 (Windows NT 10.0; Win64; x64) AppleWebKit/537.36 (KHTML, like Gecko) Chrome/97.0.4692.99 Safari/537.36"
::1 - - [10/Feb/2022:09:41:14 +0000] "GET /kkk HTTP/1.1" 500 71 "-" "Mozilla/5.0 (Windows NT 10.0; Win64; x64) AppleWebKit/537.36 (KHTML, like Gecko) Chrome/97.0.4692.99 Safari/537.36"
::1 - - [10/Feb/2022:09:41:15 +0000] "GET /kkk HTTP/1.1" 500 71 "-" "Mozilla/5.0 (Windows NT 10.0; Win64; x64) AppleWebKit/537.36 (KHTML, like Gecko) Chrome/97.0.4692.99 Safari/537.36"
::1 - - [10/Feb/2022:09:41:15 +0000] "GET /kkk HTTP/1.1" 500 71 "-" "Mozilla/5.0 (Windows NT 10.0; Win64; x64) AppleWebKit/537.36 (KHTML, like Gecko) Chrome/97.0.4692.99 Safari/537.36"
::1 - - [10/Feb/2022:09:41:15 +0000] "GET /kkk HTTP/1.1" 500 71 "-" "Mozilla/5.0 (Windows NT 10.0; Win64; x64) AppleWebKit/537.36 (KHTML, like Gecko) Chrome/97.0.4692.99 Safari/537.36"
::1 - - [10/Feb/2022:09:41:15 +0000] "GET /kkk HTTP/1.1" 500 71 "-" "Mozilla/5.0 (Windows NT 10.0; Win64; x64) AppleWebKit/537.36 (KHTML, like Gecko) Chrome/97.0.4692.99 Safari/537.36"
::1 - - [10/Feb/2022:10:11:01 +0000] "GET /kkk HTTP/1.1" 500 71 "-" "Mozilla/5.0 (Windows NT 10.0; Win64; x64) AppleWebKit/537.36 (KHTML, like Gecko) Chrome/97.0.4692.99 Safari/537.36"
::1 - - [10/Feb/2022:10:11:02 +0000] "GET /kkk HTTP/1.1" 500 71 "-" "Mozilla/5.0 (Windows NT 10.0; Win64; x64) AppleWebKit/537.36 (KHTML, like Gecko) Chrome/97.0.4692.99 Safari/537.36"
::1 - - [10/Feb/2022:10:11:02 +0000] "GET /kkk HTTP/1.1" 500 71 "-" "Mozilla/5.0 (Windows NT 10.0; Win64; x64) AppleWebKit/537.36 (KHTML, like Gecko) Chrome/97.0.4692.99 Safari/537.36"
::1 - - [10/Feb/2022:10:11:02 +0000] "GET /kkk HTTP/1.1" 500 71 "-" "Mozilla/5.0 (Windows NT 10.0; Win64; x64) AppleWebKit/537.36 (KHTML, like Gecko) Chrome/97.0.4692.99 Safari/537.36"
::1 - - [10/Feb/2022:10:11:02 +0000] "GET /kkk HTTP/1.1" 500 71 "-" "Mozilla/5.0 (Windows NT 10.0; Win64; x64) AppleWebKit/537.36 (KHTML, like Gecko) Chrome/97.0.4692.99 Safari/537.36"
::1 - - [10/Feb/2022:10:11:03 +0000] "GET /kkk HTTP/1.1" 500 71 "-" "Mozilla/5.0 (Windows NT 10.0; Win64; x64) AppleWebKit/537.36 (KHTML, like Gecko) Chrome/97.0.4692.99 Safari/537.36"
::1 - - [10/Feb/2022:10:11:03 +0000] "GET /kkk HTTP/1.1" 500 71 "-" "Mozilla/5.0 (Windows NT 10.0; Win64; x64) AppleWebKit/537.36 (KHTML, like Gecko) Chrome/97.0.4692.99 Safari/537.36"
::1 - - [10/Feb/2022:10:26:50 +0000] "GET /kkk HTTP/1.1" 500 71 "-" "Mozilla/5.0 (Windows NT 10.0; Win64; x64) AppleWebKit/537.36 (KHTML, like Gecko) Chrome/97.0.4692.99 Safari/537.36"
::1 - - [10/Feb/2022:10:26:51 +0000] "GET /kkk HTTP/1.1" 500 71 "-" "Mozilla/5.0 (Windows NT 10.0; Win64; x64) AppleWebKit/537.36 (KHTML, like Gecko) Chrome/97.0.4692.99 Safari/537.36"
::1 - - [10/Feb/2022:10:26:51 +0000] "GET /kkk HTTP/1.1" 500 71 "-" "Mozilla/5.0 (Windows NT 10.0; Win64; x64) AppleWebKit/537.36 (KHTML, like Gecko) Chrome/97.0.4692.99 Safari/537.36"
::1 - - [10/Feb/2022:10:26:51 +0000] "GET /kkk HTTP/1.1" 500 71 "-" "Mozilla/5.0 (Windows NT 10.0; Win64; x64) AppleWebKit/537.36 (KHTML, like Gecko) Chrome/97.0.4692.99 Safari/537.36"
::1 - - [10/Feb/2022:10:26:51 +0000] "GET /kkk HTTP/1.1" 500 71 "-" "Mozilla/5.0 (Windows NT 10.0; Win64; x64) AppleWebKit/537.36 (KHTML, like Gecko) Chrome/97.0.4692.99 Safari/537.36"
::1 - - [10/Feb/2022:10:26:51 +0000] "GET /kkk HTTP/1.1" 500 71 "-" "Mozilla/5.0 (Windows NT 10.0; Win64; x64) AppleWebKit/537.36 (KHTML, like Gecko) Chrome/97.0.4692.99 Safari/537.36"
::1 - - [10/Feb/2022:10:29:04 +0000] "GET /kkk HTTP/1.1" 500 197 "-" "Mozilla/5.0 (Windows NT 10.0; Win64; x64) AppleWebKit/537.36 (KHTML, like Gecko) Chrome/97.0.4692.99 Safari/537.36"
::1 - - [10/Feb/2022:10:29:43 +0000] "GET /kkk HTTP/1.1" 200 273 "-" "Mozilla/5.0 (Windows NT 10.0; Win64; x64) AppleWebKit/537.36 (KHTML, like Gecko) Chrome/97.0.4692.99 Safari/537.36"
::1 - - [10/Feb/2022:10:30:19 +0000] "GET /kkk HTTP/1.1" 200 3483 "-" "Mozilla/5.0 (Windows NT 10.0; Win64; x64) AppleWebKit/537.36 (KHTML, like Gecko) Chrome/97.0.4692.99 Safari/537.36"
::1 - - [10/Feb/2022:10:34:36 +0000] "GET /kkk HTTP/1.1" 500 71 "-" "Mozilla/5.0 (Windows NT 10.0; Win64; x64) AppleWebKit/537.36 (KHTML, like Gecko) Chrome/97.0.4692.99 Safari/537.36"
::1 - - [10/Feb/2022:10:34:37 +0000] "GET /kkk HTTP/1.1" 500 71 "-" "Mozilla/5.0 (Windows NT 10.0; Win64; x64) AppleWebKit/537.36 (KHTML, like Gecko) Chrome/97.0.4692.99 Safari/537.36"
::1 - - [10/Feb/2022:10:34:48 +0000] "GET /kkk HTTP/1.1" 500 71 "-" "Mozilla/5.0 (Windows NT 10.0; Win64; x64) AppleWebKit/537.36 (KHTML, like Gecko) Chrome/97.0.4692.99 Safari/537.36"
::1 - - [10/Feb/2022:10:34:49 +0000] "GET /kkk HTTP/1.1" 500 71 "-" "Mozilla/5.0 (Windows NT 10.0; Win64; x64) AppleWebKit/537.36 (KHTML, like Gecko) Chrome/97.0.4692.99 Safari/537.36"
::1 - - [10/Feb/2022:10:34:50 +0000] "GET /kkk HTTP/1.1" 500 71 "-" "Mozilla/5.0 (Windows NT 10.0; Win64; x64) AppleWebKit/537.36 (KHTML, like Gecko) Chrome/97.0.4692.99 Safari/537.36"
::1 - - [10/Feb/2022:10:34:50 +0000] "GET /kkk HTTP/1.1" 500 71 "-" "Mozilla/5.0 (Windows NT 10.0; Win64; x64) AppleWebKit/537.36 (KHTML, like Gecko) Chrome/97.0.4692.99 Safari/537.36"
::1 - - [10/Feb/2022:10:34:51 +0000] "GET /kkk HTTP/1.1" 500 71 "-" "Mozilla/5.0 (Windows NT 10.0; Win64; x64) AppleWebKit/537.36 (KHTML, like Gecko) Chrome/97.0.4692.99 Safari/537.36"
::1 - - [10/Feb/2022:10:34:51 +0000] "GET /kkk HTTP/1.1" 500 71 "-" "Mozilla/5.0 (Windows NT 10.0; Win64; x64) AppleWebKit/537.36 (KHTML, like Gecko) Chrome/97.0.4692.99 Safari/537.36"
::1 - - [10/Feb/2022:10:34:51 +0000] "GET /kkk HTTP/1.1" 500 71 "-" "Mozilla/5.0 (Windows NT 10.0; Win64; x64) AppleWebKit/537.36 (KHTML, like Gecko) Chrome/97.0.4692.99 Safari/537.36"
::1 - - [10/Feb/2022:10:34:51 +0000] "GET /kkk HTTP/1.1" 500 71 "-" "Mozilla/5.0 (Windows NT 10.0; Win64; x64) AppleWebKit/537.36 (KHTML, like Gecko) Chrome/97.0.4692.99 Safari/537.36"
::1 - - [10/Feb/2022:10:34:51 +0000] "GET /kkk HTTP/1.1" 500 71 "-" "Mozilla/5.0 (Windows NT 10.0; Win64; x64) AppleWebKit/537.36 (KHTML, like Gecko) Chrome/97.0.4692.99 Safari/537.36"
::1 - - [10/Feb/2022:10:34:52 +0000] "GET /kkk HTTP/1.1" 500 71 "-" "Mozilla/5.0 (Windows NT 10.0; Win64; x64) AppleWebKit/537.36 (KHTML, like Gecko) Chrome/97.0.4692.99 Safari/537.36"
::1 - - [10/Feb/2022:10:34:52 +0000] "GET /kkk HTTP/1.1" 500 71 "-" "Mozilla/5.0 (Windows NT 10.0; Win64; x64) AppleWebKit/537.36 (KHTML, like Gecko) Chrome/97.0.4692.99 Safari/537.36"
::1 - - [10/Feb/2022:10:34:52 +0000] "GET /kkk HTTP/1.1" 500 71 "-" "Mozilla/5.0 (Windows NT 10.0; Win64; x64) AppleWebKit/537.36 (KHTML, like Gecko) Chrome/97.0.4692.99 Safari/537.36"
::1 - - [10/Feb/2022:10:34:53 +0000] "GET /kkk HTTP/1.1" 500 71 "-" "Mozilla/5.0 (Windows NT 10.0; Win64; x64) AppleWebKit/537.36 (KHTML, like Gecko) Chrome/97.0.4692.99 Safari/537.36"
::1 - - [10/Feb/2022:10:34:53 +0000] "GET /kkk HTTP/1.1" 500 71 "-" "Mozilla/5.0 (Windows NT 10.0; Win64; x64) AppleWebKit/537.36 (KHTML, like Gecko) Chrome/97.0.4692.99 Safari/537.36"
::1 - - [10/Feb/2022:10:34:53 +0000] "GET /kkk HTTP/1.1" 500 71 "-" "Mozilla/5.0 (Windows NT 10.0; Win64; x64) AppleWebKit/537.36 (KHTML, like Gecko) Chrome/97.0.4692.99 Safari/537.36"
::1 - - [10/Feb/2022:10:35:07 +0000] "GET /kkk HTTP/1.1" 200 3483 "-" "Mozilla/5.0 (Windows NT 10.0; Win64; x64) AppleWebKit/537.36 (KHTML, like Gecko) Chrome/97.0.4692.99 Safari/537.36"
::1 - - [10/Feb/2022:10:37:43 +0000] "GET /asd HTTP/1.1" 404 57 "-" "Mozilla/5.0 (Windows NT 10.0; Win64; x64) AppleWebKit/537.36 (KHTML, like Gecko) Chrome/97.0.4692.99 Safari/537.36"
::1 - - [10/Feb/2022:10:39:19 +0000] "GET /asd HTTP/1.1" 404 57 "-" "Mozilla/5.0 (Windows NT 10.0; Win64; x64) AppleWebKit/537.36 (KHTML, like Gecko) Chrome/97.0.4692.99 Safari/537.36"
::1 - - [10/Feb/2022:10:39:20 +0000] "GET /kkk HTTP/1.1" 200 3483 "-" "Mozilla/5.0 (Windows NT 10.0; Win64; x64) AppleWebKit/537.36 (KHTML, like Gecko) Chrome/97.0.4692.99 Safari/537.36"
::1 - - [10/Feb/2022:10:40:12 +0000] "GET /articleList HTTP/1.1" 200 273 "-" "Mozilla/5.0 (Windows NT 10.0; Win64; x64) AppleWebKit/537.36 (KHTML, like Gecko) Chrome/97.0.4692.99 Safari/537.36"
::1 - - [10/Feb/2022:10:40:35 +0000] "GET /insertArticlek HTTP/1.1" 200 3483 "-" "Mozilla/5.0 (Windows NT 10.0; Win64; x64) AppleWebKit/537.36 (KHTML, like Gecko) Chrome/97.0.4692.99 Safari/537.36"
::1 - - [10/Feb/2022:10:42:33 +0000] "GET /insertArticlek HTTP/1.1" 404 68 "-" "Mozilla/5.0 (Windows NT 10.0; Win64; x64) AppleWebKit/537.36 (KHTML, like Gecko) Chrome/97.0.4692.99 Safari/537.36"
::1 - - [10/Feb/2022:10:42:38 +0000] "GET /insertArticle HTTP/1.1" 200 3483 "-" "Mozilla/5.0 (Windows NT 10.0; Win64; x64) AppleWebKit/537.36 (KHTML, like Gecko) Chrome/97.0.4692.99 Safari/537.36"
::1 - - [10/Feb/2022:10:57:59 +0000] "GET /kkk HTTP/1.1" 200 3483 "-" "Mozilla/5.0 (Windows NT 10.0; Win64; x64) AppleWebKit/537.36 (KHTML, like Gecko) Chrome/97.0.4692.99 Safari/537.36"
